{"/home/travis/build/npmtest/node-npmtest-fetch/test.js":{"path":"/home/travis/build/npmtest/node-npmtest-fetch/test.js","s":{"1":2,"2":2,"3":2,"4":2,"5":2,"6":2,"7":2,"8":1,"9":2,"10":2,"11":1,"12":1,"13":1,"14":1,"15":2,"16":2,"17":2,"18":2,"19":1,"20":1,"21":2,"22":2,"23":2,"24":1,"25":1,"26":1,"27":1,"28":1,"29":1,"30":1,"31":1,"32":1,"33":1,"34":1,"35":1,"36":1,"37":2,"38":2,"39":1,"40":2,"41":2,"42":1,"43":2,"44":2,"45":1,"46":2,"47":2,"48":1,"49":1,"50":1,"51":1,"52":1},"b":{"1":[2,1,1,1],"2":[1,1,1,1],"3":[1,1],"4":[1,1],"5":[1,1],"6":[1,1],"7":[1,1],"8":[1,1],"9":[1,1,1],"10":[1,1],"11":[1,1],"12":[1,1],"13":[1,1],"14":[1,1],"15":[1,1],"16":[1,1]},"f":{"1":2,"2":2,"3":2,"4":2,"5":2,"6":1,"7":1,"8":2,"9":2,"10":2,"11":2,"12":1},"fnMap":{"1":{"name":"(anonymous_1)","line":12,"loc":{"start":{"line":12,"column":1},"end":{"line":12,"column":13}}},"2":{"name":"(anonymous_2)","line":19,"loc":{"start":{"line":19,"column":5},"end":{"line":19,"column":17}}},"3":{"name":"(anonymous_3)","line":23,"loc":{"start":{"line":23,"column":24},"end":{"line":23,"column":36}}},"4":{"name":"(anonymous_4)","line":61,"loc":{"start":{"line":61,"column":5},"end":{"line":61,"column":17}}},"5":{"name":"(anonymous_5)","line":82,"loc":{"start":{"line":82,"column":5},"end":{"line":82,"column":17}}},"6":{"name":"(anonymous_6)","line":102,"loc":{"start":{"line":102,"column":83},"end":{"line":105,"column":10}},"skip":true},"7":{"name":"(anonymous_7)","line":113,"loc":{"start":{"line":113,"column":77},"end":{"line":116,"column":10}},"skip":true},"8":{"name":"(anonymous_8)","line":129,"loc":{"start":{"line":129,"column":12},"end":{"line":129,"column":40}},"skip":true},"9":{"name":"(anonymous_9)","line":137,"loc":{"start":{"line":137,"column":77},"end":{"line":140,"column":10}},"skip":true},"10":{"name":"(anonymous_10)","line":148,"loc":{"start":{"line":148,"column":83},"end":{"line":151,"column":10}},"skip":true},"11":{"name":"(anonymous_11)","line":159,"loc":{"start":{"line":159,"column":79},"end":{"line":162,"column":10}},"skip":true},"12":{"name":"(anonymous_12)","line":170,"loc":{"start":{"line":170,"column":75},"end":{"line":173,"column":10}},"skip":true}},"statementMap":{"1":{"start":{"line":12,"column":0},"end":{"line":185,"column":5}},"2":{"start":{"line":14,"column":4},"end":{"line":14,"column":14}},"3":{"start":{"line":19,"column":4},"end":{"line":56,"column":9}},"4":{"start":{"line":21,"column":8},"end":{"line":21,"column":19}},"5":{"start":{"line":23,"column":8},"end":{"line":35,"column":13}},"6":{"start":{"line":24,"column":12},"end":{"line":34,"column":13}},"7":{"start":{"line":25,"column":16},"end":{"line":28,"column":30}},"8":{"start":{"line":30,"column":16},"end":{"line":33,"column":27}},"9":{"start":{"line":37,"column":8},"end":{"line":39,"column":21}},"10":{"start":{"line":40,"column":8},"end":{"line":53,"column":9}},"11":{"start":{"line":43,"column":12},"end":{"line":46,"column":14}},"12":{"start":{"line":47,"column":12},"end":{"line":47,"column":18}},"13":{"start":{"line":50,"column":12},"end":{"line":51,"column":46}},"14":{"start":{"line":52,"column":12},"end":{"line":52,"column":18}},"15":{"start":{"line":55,"column":8},"end":{"line":55,"column":35}},"16":{"start":{"line":61,"column":4},"end":{"line":63,"column":9}},"17":{"start":{"line":62,"column":8},"end":{"line":62,"column":15}},"18":{"start":{"line":64,"column":4},"end":{"line":77,"column":5}},"19":{"start":{"line":70,"column":8},"end":{"line":70,"column":14}},"20":{"start":{"line":76,"column":8},"end":{"line":76,"column":14}},"21":{"start":{"line":82,"column":4},"end":{"line":84,"column":9}},"22":{"start":{"line":83,"column":8},"end":{"line":83,"column":15}},"23":{"start":{"line":85,"column":4},"end":{"line":184,"column":5}},"24":{"start":{"line":92,"column":8},"end":{"line":94,"column":63}},"25":{"start":{"line":95,"column":8},"end":{"line":95,"column":14}},"26":{"start":{"line":102,"column":8},"end":{"line":111,"column":10},"skip":true},"27":{"start":{"line":109,"column":12},"end":{"line":109,"column":55},"skip":true},"28":{"start":{"line":110,"column":12},"end":{"line":110,"column":48},"skip":true},"29":{"start":{"line":113,"column":8},"end":{"line":126,"column":10},"skip":true},"30":{"start":{"line":120,"column":12},"end":{"line":120,"column":76},"skip":true},"31":{"start":{"line":121,"column":12},"end":{"line":121,"column":73},"skip":true},"32":{"start":{"line":122,"column":12},"end":{"line":122,"column":74},"skip":true},"33":{"start":{"line":123,"column":12},"end":{"line":123,"column":79},"skip":true},"34":{"start":{"line":124,"column":12},"end":{"line":124,"column":25},"skip":true},"35":{"start":{"line":125,"column":12},"end":{"line":125,"column":45},"skip":true},"36":{"start":{"line":128,"column":8},"end":{"line":135,"column":14},"skip":true},"37":{"start":{"line":133,"column":16},"end":{"line":133,"column":29},"skip":true},"38":{"start":{"line":134,"column":16},"end":{"line":134,"column":55},"skip":true},"39":{"start":{"line":137,"column":8},"end":{"line":146,"column":10},"skip":true},"40":{"start":{"line":144,"column":12},"end":{"line":144,"column":25},"skip":true},"41":{"start":{"line":145,"column":12},"end":{"line":145,"column":45},"skip":true},"42":{"start":{"line":148,"column":8},"end":{"line":157,"column":10},"skip":true},"43":{"start":{"line":155,"column":12},"end":{"line":155,"column":25},"skip":true},"44":{"start":{"line":156,"column":12},"end":{"line":156,"column":48},"skip":true},"45":{"start":{"line":159,"column":8},"end":{"line":168,"column":10},"skip":true},"46":{"start":{"line":166,"column":12},"end":{"line":166,"column":25},"skip":true},"47":{"start":{"line":167,"column":12},"end":{"line":167,"column":46},"skip":true},"48":{"start":{"line":170,"column":8},"end":{"line":179,"column":10},"skip":true},"49":{"start":{"line":177,"column":12},"end":{"line":177,"column":94},"skip":true},"50":{"start":{"line":178,"column":12},"end":{"line":178,"column":48},"skip":true},"51":{"start":{"line":182,"column":8},"end":{"line":182,"column":35},"skip":true},"52":{"start":{"line":183,"column":8},"end":{"line":183,"column":14},"skip":true}},"branchMap":{"1":{"line":25,"type":"binary-expr","locations":[{"start":{"line":25,"column":23},"end":{"line":25,"column":62}},{"start":{"line":26,"column":20},"end":{"line":26,"column":70}},{"start":{"line":27,"column":20},"end":{"line":27,"column":71}},{"start":{"line":28,"column":20},"end":{"line":28,"column":29}}]},"2":{"line":30,"type":"binary-expr","locations":[{"start":{"line":30,"column":23},"end":{"line":30,"column":37}},{"start":{"line":31,"column":20},"end":{"line":31,"column":61}},{"start":{"line":32,"column":20},"end":{"line":32,"column":70}},{"start":{"line":33,"column":20},"end":{"line":33,"column":26}}]},"3":{"line":37,"type":"cond-expr","locations":[{"start":{"line":38,"column":14},"end":{"line":38,"column":20}},{"start":{"line":39,"column":14},"end":{"line":39,"column":20}}]},"4":{"line":40,"type":"switch","locations":[{"start":{"line":42,"column":8},"end":{"line":47,"column":18}},{"start":{"line":49,"column":8},"end":{"line":52,"column":18}}]},"5":{"line":44,"type":"binary-expr","locations":[{"start":{"line":44,"column":16},"end":{"line":44,"column":44}},{"start":{"line":44,"column":48},"end":{"line":44,"column":66}}]},"6":{"line":50,"type":"binary-expr","locations":[{"start":{"line":50,"column":21},"end":{"line":50,"column":49}},{"start":{"line":50,"column":53},"end":{"line":50,"column":72}}]},"7":{"line":64,"type":"switch","locations":[{"start":{"line":69,"column":4},"end":{"line":70,"column":14}},{"start":{"line":75,"column":4},"end":{"line":76,"column":14}}]},"8":{"line":85,"type":"switch","locations":[{"start":{"line":90,"column":4},"end":{"line":95,"column":14}},{"start":{"line":101,"column":4},"end":{"line":183,"column":14},"skip":true}]},"9":{"line":92,"type":"binary-expr","locations":[{"start":{"line":92,"column":18},"end":{"line":92,"column":32}},{"start":{"line":93,"column":12},"end":{"line":93,"column":53}},{"start":{"line":94,"column":12},"end":{"line":94,"column":61}}]},"10":{"line":102,"type":"binary-expr","locations":[{"start":{"line":102,"column":45},"end":{"line":102,"column":79},"skip":true},{"start":{"line":102,"column":83},"end":{"line":111,"column":9},"skip":true}]},"11":{"line":113,"type":"binary-expr","locations":[{"start":{"line":113,"column":42},"end":{"line":113,"column":73},"skip":true},{"start":{"line":113,"column":77},"end":{"line":126,"column":9},"skip":true}]},"12":{"line":128,"type":"binary-expr","locations":[{"start":{"line":128,"column":48},"end":{"line":128,"column":85},"skip":true},{"start":{"line":129,"column":12},"end":{"line":135,"column":13},"skip":true}]},"13":{"line":137,"type":"binary-expr","locations":[{"start":{"line":137,"column":42},"end":{"line":137,"column":73},"skip":true},{"start":{"line":137,"column":77},"end":{"line":146,"column":9},"skip":true}]},"14":{"line":148,"type":"binary-expr","locations":[{"start":{"line":148,"column":45},"end":{"line":148,"column":79},"skip":true},{"start":{"line":148,"column":83},"end":{"line":157,"column":9},"skip":true}]},"15":{"line":159,"type":"binary-expr","locations":[{"start":{"line":159,"column":43},"end":{"line":159,"column":75},"skip":true},{"start":{"line":159,"column":79},"end":{"line":168,"column":9},"skip":true}]},"16":{"line":170,"type":"binary-expr","locations":[{"start":{"line":170,"column":41},"end":{"line":170,"column":71},"skip":true},{"start":{"line":170,"column":75},"end":{"line":179,"column":9},"skip":true}]}},"code":["/* istanbul instrument in package npmtest_fetch */","/*jslint","    bitwise: true,","    browser: true,","    maxerr: 8,","    maxlen: 96,","    node: true,","    nomen: true,","    regexp: true,","    stupid: true","*/","(function () {","    'use strict';","    var local;","","","","    // run shared js-env code - pre-init","    (function () {","        // init local","        local = {};","        // init modeJs","        local.modeJs = (function () {","            try {","                return typeof navigator.userAgent === 'string' &&","                    typeof document.querySelector('body') === 'object' &&","                    typeof XMLHttpRequest.prototype.open === 'function' &&","                    'browser';","            } catch (errorCaughtBrowser) {","                return module.exports &&","                    typeof process.versions.node === 'string' &&","                    typeof require('http').createServer === 'function' &&","                    'node';","            }","        }());","        // init global","        local.global = local.modeJs === 'browser'","            ? window","            : global;","        switch (local.modeJs) {","        // re-init local from window.local","        case 'browser':","            local = local.global.utility2.objectSetDefault(","                local.global.utility2_rollup || local.global.local,","                local.global.utility2","            );","            break;","        // re-init local from example.js","        case 'node':","            local = (local.global.utility2_rollup || require('utility2'))","                .requireExampleJsFromReadme();","            break;","        }","        // export local","        local.global.local = local;","    }());","","","","    // run shared js-env code - function","    (function () {","        return;","    }());","    switch (local.modeJs) {","","","","    // run browser js-env code - function","    case 'browser':","        break;","","","","    // run node js-env code - function","    case 'node':","        break;","    }","","","","    // run shared js-env code - post-init","    (function () {","        return;","    }());","    switch (local.modeJs) {","","","","    // run browser js-env code - post-init","    case 'browser':","        // run tests","        local.nop(local.modeTest &&","            document.querySelector('#testRunButton1') &&","            document.querySelector('#testRunButton1').click());","        break;","","","","    // run node js-env code - post-init","    /* istanbul ignore next */","    case 'node':","        local.testCase_buildApidoc_default = local.testCase_buildApidoc_default || function (","            options,","            onError","        ) {","        /*","         * this function will test buildApidoc's default handling-behavior-behavior","         */","            options = { modulePathList: module.paths };","            local.buildApidoc(options, onError);","        };","","        local.testCase_buildApp_default = local.testCase_buildApp_default || function (","            options,","            onError","        ) {","        /*","         * this function will test buildApp's default handling-behavior-behavior","         */","            local.testCase_buildReadme_default(options, local.onErrorThrow);","            local.testCase_buildLib_default(options, local.onErrorThrow);","            local.testCase_buildTest_default(options, local.onErrorThrow);","            local.testCase_buildCustomOrg_default(options, local.onErrorThrow);","            options = [];","            local.buildApp(options, onError);","        };","","        local.testCase_buildCustomOrg_default = local.testCase_buildCustomOrg_default ||","            function (options, onError) {","            /*","             * this function will test buildCustomOrg's default handling-behavior","             */","                options = {};","                local.buildCustomOrg(options, onError);","            };","","        local.testCase_buildLib_default = local.testCase_buildLib_default || function (","            options,","            onError","        ) {","        /*","         * this function will test buildLib's default handling-behavior","         */","            options = {};","            local.buildLib(options, onError);","        };","","        local.testCase_buildReadme_default = local.testCase_buildReadme_default || function (","            options,","            onError","        ) {","        /*","         * this function will test buildReadme's default handling-behavior-behavior","         */","            options = {};","            local.buildReadme(options, onError);","        };","","        local.testCase_buildTest_default = local.testCase_buildTest_default || function (","            options,","            onError","        ) {","        /*","         * this function will test buildTest's default handling-behavior","         */","            options = {};","            local.buildTest(options, onError);","        };","","        local.testCase_webpage_default = local.testCase_webpage_default || function (","            options,","            onError","        ) {","        /*","         * this function will test webpage's default handling-behavior","         */","            options = { modeCoverageMerge: true, url: local.serverLocalHost + '?modeTest=1' };","            local.browserTest(options, onError);","        };","","        // run test-server","        local.testRunServer(local);","        break;","    }","}());",""],"l":{"12":2,"14":2,"19":2,"21":2,"23":2,"24":2,"25":2,"30":1,"37":2,"40":2,"43":1,"47":1,"50":1,"52":1,"55":2,"61":2,"62":2,"64":2,"70":1,"76":1,"82":2,"83":2,"85":2,"92":1,"95":1,"102":1,"109":1,"110":1,"113":1,"120":1,"121":1,"122":1,"123":1,"124":1,"125":1,"128":1,"133":2,"134":2,"137":1,"144":2,"145":2,"148":1,"155":2,"156":2,"159":1,"166":2,"167":2,"170":1,"177":1,"178":1,"182":1,"183":1}},"/home/travis/build/npmtest/node-npmtest-fetch/lib.npmtest_fetch.js":{"path":"/home/travis/build/npmtest/node-npmtest-fetch/lib.npmtest_fetch.js","s":{"1":2,"2":2,"3":2,"4":2,"5":2,"6":2,"7":2,"8":1,"9":2,"10":2,"11":2,"12":2,"13":1,"14":1,"15":1,"16":1},"b":{"1":[2,1,1,1],"2":[1,1,1,1],"3":[1,1],"4":[2,2],"5":[1,1]},"f":{"1":2,"2":2,"3":2},"fnMap":{"1":{"name":"(anonymous_1)","line":12,"loc":{"start":{"line":12,"column":1},"end":{"line":12,"column":13}}},"2":{"name":"(anonymous_2)","line":19,"loc":{"start":{"line":19,"column":5},"end":{"line":19,"column":17}}},"3":{"name":"(anonymous_3)","line":23,"loc":{"start":{"line":23,"column":24},"end":{"line":23,"column":36}}}},"statementMap":{"1":{"start":{"line":12,"column":0},"end":{"line":53,"column":5}},"2":{"start":{"line":14,"column":4},"end":{"line":14,"column":14}},"3":{"start":{"line":19,"column":4},"end":{"line":52,"column":9}},"4":{"start":{"line":21,"column":8},"end":{"line":21,"column":19}},"5":{"start":{"line":23,"column":8},"end":{"line":35,"column":13}},"6":{"start":{"line":24,"column":12},"end":{"line":34,"column":13}},"7":{"start":{"line":25,"column":16},"end":{"line":28,"column":30}},"8":{"start":{"line":30,"column":16},"end":{"line":33,"column":27}},"9":{"start":{"line":37,"column":8},"end":{"line":39,"column":21}},"10":{"start":{"line":41,"column":8},"end":{"line":41,"column":54}},"11":{"start":{"line":43,"column":8},"end":{"line":43,"column":50}},"12":{"start":{"line":45,"column":8},"end":{"line":51,"column":9}},"13":{"start":{"line":46,"column":12},"end":{"line":46,"column":56}},"14":{"start":{"line":48,"column":12},"end":{"line":48,"column":35}},"15":{"start":{"line":49,"column":12},"end":{"line":49,"column":49}},"16":{"start":{"line":50,"column":12},"end":{"line":50,"column":43}}},"branchMap":{"1":{"line":25,"type":"binary-expr","locations":[{"start":{"line":25,"column":23},"end":{"line":25,"column":62}},{"start":{"line":26,"column":20},"end":{"line":26,"column":70}},{"start":{"line":27,"column":20},"end":{"line":27,"column":71}},{"start":{"line":28,"column":20},"end":{"line":28,"column":29}}]},"2":{"line":30,"type":"binary-expr","locations":[{"start":{"line":30,"column":23},"end":{"line":30,"column":37}},{"start":{"line":31,"column":20},"end":{"line":31,"column":61}},{"start":{"line":32,"column":20},"end":{"line":32,"column":70}},{"start":{"line":33,"column":20},"end":{"line":33,"column":26}}]},"3":{"line":37,"type":"cond-expr","locations":[{"start":{"line":38,"column":14},"end":{"line":38,"column":20}},{"start":{"line":39,"column":14},"end":{"line":39,"column":20}}]},"4":{"line":41,"type":"binary-expr","locations":[{"start":{"line":41,"column":16},"end":{"line":41,"column":44}},{"start":{"line":41,"column":48},"end":{"line":41,"column":53}}]},"5":{"line":45,"type":"if","locations":[{"start":{"line":45,"column":8},"end":{"line":45,"column":8}},{"start":{"line":45,"column":8},"end":{"line":45,"column":8}}]}},"code":["/* istanbul instrument in package npmtest_fetch */","/*jslint","    bitwise: true,","    browser: true,","    maxerr: 8,","    maxlen: 96,","    node: true,","    nomen: true,","    regexp: true,","    stupid: true","*/","(function () {","    'use strict';","    var local;","","","","    // run shared js-env code - pre-init","    (function () {","        // init local","        local = {};","        // init modeJs","        local.modeJs = (function () {","            try {","                return typeof navigator.userAgent === 'string' &&","                    typeof document.querySelector('body') === 'object' &&","                    typeof XMLHttpRequest.prototype.open === 'function' &&","                    'browser';","            } catch (errorCaughtBrowser) {","                return module.exports &&","                    typeof process.versions.node === 'string' &&","                    typeof require('http').createServer === 'function' &&","                    'node';","            }","        }());","        // init global","        local.global = local.modeJs === 'browser'","            ? window","            : global;","        // init utility2_rollup","        local = local.global.utility2_rollup || local;","        // init lib","        local.local = local.npmtest_fetch = local;","        // init exports","        if (local.modeJs === 'browser') {","            local.global.utility2_npmtest_fetch = local;","        } else {","            module.exports = local;","            module.exports.__dirname = __dirname;","            module.exports.module = module;","        }","    }());","}());",""],"l":{"12":2,"14":2,"19":2,"21":2,"23":2,"24":2,"25":2,"30":1,"37":2,"41":2,"43":2,"45":2,"46":1,"48":1,"49":1,"50":1}},"/home/travis/build/npmtest/node-npmtest-fetch/example.js":{"path":"/home/travis/build/npmtest/node-npmtest-fetch/example.js","s":{"1":2,"2":2,"3":2,"4":2,"5":2,"6":2,"7":2,"8":1,"9":2,"10":2,"11":2,"12":2,"13":1,"14":2,"15":2,"16":2,"17":2,"18":2,"19":0,"20":2,"21":1,"22":1,"23":1,"24":1,"25":1,"26":0,"27":0,"28":1,"29":1,"30":2,"31":0,"32":0,"33":0,"34":1,"35":2,"36":2,"37":2,"38":2,"39":2,"40":2,"41":0,"42":2,"43":2,"44":2,"45":1,"46":3,"47":1,"48":1,"49":1,"50":1,"51":1,"52":1,"53":1,"54":1,"55":1,"56":1,"57":0,"58":1,"59":6,"60":6,"61":1,"62":2,"63":0,"64":2,"65":1,"66":1,"67":0,"68":0,"69":0,"70":0,"71":0,"72":0,"73":0,"74":0,"75":0,"76":0,"77":0,"78":0,"79":0,"80":0,"81":0,"82":0,"83":0},"b":{"1":[2,1,1,1],"2":[1,1,1,1],"3":[1,1],"4":[2,2],"5":[1,1],"6":[1,1],"7":[2,0],"8":[2,1,1,1,1,1],"9":[0,2,0],"10":[1,1],"11":[2,1,1],"12":[1,0],"13":[0,2],"14":[2,0,0,0,0,0,0],"15":[0,2],"16":[2,0],"17":[1,1],"18":[0,1],"19":[1,2,0,2],"20":[1,0],"21":[1,1],"22":[0,0],"23":[0,0],"24":[0,0],"25":[0,0],"26":[0,0],"27":[0,0],"28":[0,0]},"f":{"1":2,"2":2,"3":2,"4":2,"5":2,"6":2,"7":2,"8":2,"9":3,"10":1,"11":6,"12":0},"fnMap":{"1":{"name":"(anonymous_1)","line":26,"loc":{"start":{"line":26,"column":1},"end":{"line":26,"column":13}}},"2":{"name":"(anonymous_2)","line":33,"loc":{"start":{"line":33,"column":5},"end":{"line":33,"column":17}}},"3":{"name":"(anonymous_3)","line":37,"loc":{"start":{"line":37,"column":24},"end":{"line":37,"column":36}}},"4":{"name":"(anonymous_4)","line":69,"loc":{"start":{"line":69,"column":31},"end":{"line":69,"column":48}},"skip":true},"5":{"name":"(anonymous_5)","line":78,"loc":{"start":{"line":78,"column":26},"end":{"line":78,"column":45}},"skip":true},"6":{"name":"(anonymous_6)","line":123,"loc":{"start":{"line":123,"column":33},"end":{"line":123,"column":48}},"skip":true},"7":{"name":"(anonymous_7)","line":125,"loc":{"start":{"line":125,"column":27},"end":{"line":125,"column":39}},"skip":true},"8":{"name":"(anonymous_8)","line":133,"loc":{"start":{"line":133,"column":59},"end":{"line":133,"column":74}},"skip":true},"9":{"name":"(anonymous_9)","line":143,"loc":{"start":{"line":143,"column":45},"end":{"line":143,"column":62}},"skip":true},"10":{"name":"(anonymous_10)","line":144,"loc":{"start":{"line":144,"column":73},"end":{"line":144,"column":92}},"skip":true},"11":{"name":"(anonymous_11)","line":272,"loc":{"start":{"line":272,"column":51},"end":{"line":272,"column":77}},"skip":true},"12":{"name":"(anonymous_12)","line":314,"loc":{"start":{"line":314,"column":32},"end":{"line":314,"column":61}},"skip":true}},"statementMap":{"1":{"start":{"line":26,"column":0},"end":{"line":325,"column":5}},"2":{"start":{"line":28,"column":4},"end":{"line":28,"column":14}},"3":{"start":{"line":33,"column":4},"end":{"line":60,"column":9}},"4":{"start":{"line":35,"column":8},"end":{"line":35,"column":19}},"5":{"start":{"line":37,"column":8},"end":{"line":49,"column":13}},"6":{"start":{"line":38,"column":12},"end":{"line":48,"column":13}},"7":{"start":{"line":39,"column":16},"end":{"line":42,"column":30}},"8":{"start":{"line":44,"column":16},"end":{"line":47,"column":27}},"9":{"start":{"line":51,"column":8},"end":{"line":53,"column":21}},"10":{"start":{"line":55,"column":8},"end":{"line":57,"column":45}},"11":{"start":{"line":59,"column":8},"end":{"line":59,"column":35}},"12":{"start":{"line":61,"column":4},"end":{"line":324,"column":5}},"13":{"start":{"line":69,"column":8},"end":{"line":121,"column":10},"skip":true},"14":{"start":{"line":70,"column":12},"end":{"line":88,"column":13},"skip":true},"15":{"start":{"line":76,"column":16},"end":{"line":87,"column":19},"skip":true},"16":{"start":{"line":79,"column":20},"end":{"line":86,"column":21},"skip":true},"17":{"start":{"line":82,"column":24},"end":{"line":82,"column":43},"skip":true},"18":{"start":{"line":83,"column":24},"end":{"line":83,"column":30},"skip":true},"19":{"start":{"line":85,"column":24},"end":{"line":85,"column":49},"skip":true},"20":{"start":{"line":89,"column":12},"end":{"line":107,"column":13},"skip":true},"21":{"start":{"line":92,"column":16},"end":{"line":102,"column":17},"skip":true},"22":{"start":{"line":93,"column":20},"end":{"line":93,"column":86},"skip":true},"23":{"start":{"line":94,"column":20},"end":{"line":95,"column":45},"skip":true},"24":{"start":{"line":96,"column":20},"end":{"line":96,"column":42},"skip":true},"25":{"start":{"line":97,"column":20},"end":{"line":97,"column":48},"skip":true},"26":{"start":{"line":100,"column":20},"end":{"line":100,"column":85},"skip":true},"27":{"start":{"line":101,"column":20},"end":{"line":101,"column":96},"skip":true},"28":{"start":{"line":103,"column":16},"end":{"line":103,"column":22},"skip":true},"29":{"start":{"line":106,"column":16},"end":{"line":106,"column":22},"skip":true},"30":{"start":{"line":108,"column":12},"end":{"line":120,"column":13},"skip":true},"31":{"start":{"line":114,"column":16},"end":{"line":119,"column":17},"skip":true},"32":{"start":{"line":116,"column":20},"end":{"line":116,"column":78},"skip":true},"33":{"start":{"line":118,"column":20},"end":{"line":118,"column":53},"skip":true},"34":{"start":{"line":123,"column":8},"end":{"line":141,"column":11},"skip":true},"35":{"start":{"line":124,"column":12},"end":{"line":124,"column":54},"skip":true},"36":{"start":{"line":125,"column":12},"end":{"line":140,"column":14},"skip":true},"37":{"start":{"line":126,"column":16},"end":{"line":126,"column":28},"skip":true},"38":{"start":{"line":127,"column":16},"end":{"line":127,"column":69},"skip":true},"39":{"start":{"line":128,"column":16},"end":{"line":128,"column":75},"skip":true},"40":{"start":{"line":129,"column":16},"end":{"line":131,"column":17},"skip":true},"41":{"start":{"line":130,"column":20},"end":{"line":130,"column":27},"skip":true},"42":{"start":{"line":133,"column":16},"end":{"line":137,"column":36},"skip":true},"43":{"start":{"line":134,"column":20},"end":{"line":136,"column":55},"skip":true},"44":{"start":{"line":139,"column":16},"end":{"line":139,"column":57},"skip":true},"45":{"start":{"line":143,"column":8},"end":{"line":147,"column":11},"skip":true},"46":{"start":{"line":144,"column":12},"end":{"line":146,"column":15},"skip":true},"47":{"start":{"line":145,"column":16},"end":{"line":145,"column":70},"skip":true},"48":{"start":{"line":149,"column":8},"end":{"line":149,"column":31},"skip":true},"49":{"start":{"line":150,"column":8},"end":{"line":150,"column":14},"skip":true},"50":{"start":{"line":158,"column":8},"end":{"line":158,"column":31},"skip":true},"51":{"start":{"line":160,"column":8},"end":{"line":160,"column":33},"skip":true},"52":{"start":{"line":161,"column":8},"end":{"line":161,"column":37},"skip":true},"53":{"start":{"line":162,"column":8},"end":{"line":162,"column":35},"skip":true},"54":{"start":{"line":164,"column":8},"end":{"line":164,"column":50},"skip":true},"55":{"start":{"line":166,"column":8},"end":{"line":256,"column":2},"skip":true},"56":{"start":{"line":258,"column":8},"end":{"line":286,"column":9},"skip":true},"57":{"start":{"line":259,"column":12},"end":{"line":269,"column":14},"skip":true},"58":{"start":{"line":271,"column":12},"end":{"line":285,"column":19},"skip":true},"59":{"start":{"line":274,"column":20},"end":{"line":274,"column":35},"skip":true},"60":{"start":{"line":275,"column":20},"end":{"line":284,"column":21},"skip":true},"61":{"start":{"line":277,"column":24},"end":{"line":277,"column":64},"skip":true},"62":{"start":{"line":279,"column":24},"end":{"line":279,"column":40},"skip":true},"63":{"start":{"line":281,"column":24},"end":{"line":281,"column":40},"skip":true},"64":{"start":{"line":283,"column":24},"end":{"line":283,"column":39},"skip":true},"65":{"start":{"line":288,"column":8},"end":{"line":290,"column":9},"skip":true},"66":{"start":{"line":289,"column":12},"end":{"line":289,"column":18},"skip":true},"67":{"start":{"line":291,"column":8},"end":{"line":293,"column":54},"skip":true},"68":{"start":{"line":294,"column":8},"end":{"line":301,"column":37},"skip":true},"69":{"start":{"line":302,"column":8},"end":{"line":302,"column":82},"skip":true},"70":{"start":{"line":305,"column":8},"end":{"line":307,"column":9},"skip":true},"71":{"start":{"line":306,"column":12},"end":{"line":306,"column":82},"skip":true},"72":{"start":{"line":309,"column":8},"end":{"line":311,"column":9},"skip":true},"73":{"start":{"line":310,"column":12},"end":{"line":310,"column":18},"skip":true},"74":{"start":{"line":312,"column":8},"end":{"line":312,"column":54},"skip":true},"75":{"start":{"line":313,"column":8},"end":{"line":313,"column":69},"skip":true},"76":{"start":{"line":314,"column":8},"end":{"line":322,"column":36},"skip":true},"77":{"start":{"line":315,"column":12},"end":{"line":315,"column":61},"skip":true},"78":{"start":{"line":316,"column":12},"end":{"line":319,"column":13},"skip":true},"79":{"start":{"line":317,"column":16},"end":{"line":317,"column":75},"skip":true},"80":{"start":{"line":318,"column":16},"end":{"line":318,"column":23},"skip":true},"81":{"start":{"line":320,"column":12},"end":{"line":320,"column":38},"skip":true},"82":{"start":{"line":321,"column":12},"end":{"line":321,"column":27},"skip":true},"83":{"start":{"line":323,"column":8},"end":{"line":323,"column":14},"skip":true}},"branchMap":{"1":{"line":39,"type":"binary-expr","locations":[{"start":{"line":39,"column":23},"end":{"line":39,"column":62}},{"start":{"line":40,"column":20},"end":{"line":40,"column":70}},{"start":{"line":41,"column":20},"end":{"line":41,"column":71}},{"start":{"line":42,"column":20},"end":{"line":42,"column":29}}]},"2":{"line":44,"type":"binary-expr","locations":[{"start":{"line":44,"column":23},"end":{"line":44,"column":37}},{"start":{"line":45,"column":20},"end":{"line":45,"column":61}},{"start":{"line":46,"column":20},"end":{"line":46,"column":70}},{"start":{"line":47,"column":20},"end":{"line":47,"column":26}}]},"3":{"line":51,"type":"cond-expr","locations":[{"start":{"line":52,"column":14},"end":{"line":52,"column":20}},{"start":{"line":53,"column":14},"end":{"line":53,"column":20}}]},"4":{"line":55,"type":"binary-expr","locations":[{"start":{"line":55,"column":16},"end":{"line":55,"column":44}},{"start":{"line":55,"column":49},"end":{"line":57,"column":43}}]},"5":{"line":55,"type":"cond-expr","locations":[{"start":{"line":56,"column":14},"end":{"line":56,"column":49}},{"start":{"line":57,"column":14},"end":{"line":57,"column":43}}]},"6":{"line":61,"type":"switch","locations":[{"start":{"line":68,"column":4},"end":{"line":150,"column":14},"skip":true},{"start":{"line":156,"column":4},"end":{"line":323,"column":14},"skip":true}]},"7":{"line":70,"type":"if","locations":[{"start":{"line":70,"column":12},"end":{"line":70,"column":12},"skip":true},{"start":{"line":70,"column":12},"end":{"line":70,"column":12},"skip":true}]},"8":{"line":70,"type":"binary-expr","locations":[{"start":{"line":70,"column":16},"end":{"line":70,"column":22},"skip":true},{"start":{"line":70,"column":27},"end":{"line":70,"column":32},"skip":true},{"start":{"line":71,"column":20},"end":{"line":71,"column":39},"skip":true},{"start":{"line":72,"column":20},"end":{"line":72,"column":49},"skip":true},{"start":{"line":73,"column":20},"end":{"line":73,"column":58},"skip":true},{"start":{"line":74,"column":20},"end":{"line":74,"column":69},"skip":true}]},"9":{"line":79,"type":"switch","locations":[{"start":{"line":80,"column":20},"end":{"line":80,"column":33},"skip":true},{"start":{"line":81,"column":20},"end":{"line":83,"column":30},"skip":true},{"start":{"line":84,"column":20},"end":{"line":85,"column":49},"skip":true}]},"10":{"line":89,"type":"switch","locations":[{"start":{"line":90,"column":12},"end":{"line":103,"column":22},"skip":true},{"start":{"line":105,"column":12},"end":{"line":106,"column":22},"skip":true}]},"11":{"line":89,"type":"binary-expr","locations":[{"start":{"line":89,"column":20},"end":{"line":89,"column":25},"skip":true},{"start":{"line":89,"column":29},"end":{"line":89,"column":48},"skip":true},{"start":{"line":89,"column":52},"end":{"line":89,"column":74},"skip":true}]},"12":{"line":92,"type":"if","locations":[{"start":{"line":92,"column":16},"end":{"line":92,"column":16},"skip":true},{"start":{"line":92,"column":16},"end":{"line":92,"column":16},"skip":true}]},"13":{"line":108,"type":"if","locations":[{"start":{"line":108,"column":12},"end":{"line":108,"column":12},"skip":true},{"start":{"line":108,"column":12},"end":{"line":108,"column":12},"skip":true}]},"14":{"line":108,"type":"binary-expr","locations":[{"start":{"line":108,"column":16},"end":{"line":108,"column":61},"skip":true},{"start":{"line":108,"column":66},"end":{"line":108,"column":72},"skip":true},{"start":{"line":108,"column":77},"end":{"line":108,"column":82},"skip":true},{"start":{"line":109,"column":20},"end":{"line":109,"column":39},"skip":true},{"start":{"line":110,"column":20},"end":{"line":110,"column":49},"skip":true},{"start":{"line":111,"column":20},"end":{"line":111,"column":58},"skip":true},{"start":{"line":112,"column":20},"end":{"line":112,"column":68},"skip":true}]},"15":{"line":129,"type":"if","locations":[{"start":{"line":129,"column":16},"end":{"line":129,"column":16},"skip":true},{"start":{"line":129,"column":16},"end":{"line":129,"column":16},"skip":true}]},"16":{"line":134,"type":"cond-expr","locations":[{"start":{"line":135,"column":26},"end":{"line":135,"column":29},"skip":true},{"start":{"line":136,"column":26},"end":{"line":136,"column":54},"skip":true}]},"17":{"line":164,"type":"binary-expr","locations":[{"start":{"line":164,"column":27},"end":{"line":164,"column":43},"skip":true},{"start":{"line":164,"column":47},"end":{"line":164,"column":49},"skip":true}]},"18":{"line":258,"type":"if","locations":[{"start":{"line":258,"column":8},"end":{"line":258,"column":8},"skip":true},{"start":{"line":258,"column":8},"end":{"line":258,"column":8},"skip":true}]},"19":{"line":275,"type":"switch","locations":[{"start":{"line":276,"column":20},"end":{"line":277,"column":64},"skip":true},{"start":{"line":278,"column":20},"end":{"line":279,"column":40},"skip":true},{"start":{"line":280,"column":20},"end":{"line":281,"column":40},"skip":true},{"start":{"line":282,"column":20},"end":{"line":283,"column":39},"skip":true}]},"20":{"line":288,"type":"if","locations":[{"start":{"line":288,"column":8},"end":{"line":288,"column":8},"skip":true},{"start":{"line":288,"column":8},"end":{"line":288,"column":8},"skip":true}]},"21":{"line":288,"type":"binary-expr","locations":[{"start":{"line":288,"column":12},"end":{"line":288,"column":40},"skip":true},{"start":{"line":288,"column":44},"end":{"line":288,"column":67},"skip":true}]},"22":{"line":292,"type":"binary-expr","locations":[{"start":{"line":292,"column":12},"end":{"line":292,"column":50},"skip":true},{"start":{"line":293,"column":12},"end":{"line":293,"column":53},"skip":true}]},"23":{"line":295,"type":"binary-expr","locations":[{"start":{"line":295,"column":12},"end":{"line":295,"column":63},"skip":true},{"start":{"line":296,"column":12},"end":{"line":301,"column":36},"skip":true}]},"24":{"line":302,"type":"binary-expr","locations":[{"start":{"line":302,"column":43},"end":{"line":302,"column":75},"skip":true},{"start":{"line":302,"column":79},"end":{"line":302,"column":81},"skip":true}]},"25":{"line":305,"type":"if","locations":[{"start":{"line":305,"column":8},"end":{"line":305,"column":8},"skip":true},{"start":{"line":305,"column":8},"end":{"line":305,"column":8},"skip":true}]},"26":{"line":309,"type":"if","locations":[{"start":{"line":309,"column":8},"end":{"line":309,"column":8},"skip":true},{"start":{"line":309,"column":8},"end":{"line":309,"column":8},"skip":true}]},"27":{"line":312,"type":"binary-expr","locations":[{"start":{"line":312,"column":27},"end":{"line":312,"column":43},"skip":true},{"start":{"line":312,"column":47},"end":{"line":312,"column":53},"skip":true}]},"28":{"line":316,"type":"if","locations":[{"start":{"line":316,"column":12},"end":{"line":316,"column":12},"skip":true},{"start":{"line":316,"column":12},"end":{"line":316,"column":12},"skip":true}]}},"code":["/*","example.js","","quickstart example","","instruction","    1. save this script as example.js","    2. run the shell command:","        $ npm install npmtest-fetch && PORT=8081 node example.js","    3. play with the browser-demo on http://127.0.0.1:8081","*/","","","","/* istanbul instrument in package npmtest_fetch */","/*jslint","    bitwise: true,","    browser: true,","    maxerr: 8,","    maxlen: 96,","    node: true,","    nomen: true,","    regexp: true,","    stupid: true","*/","(function () {","    'use strict';","    var local;","","","","    // run shared js-env code - pre-init","    (function () {","        // init local","        local = {};","        // init modeJs","        local.modeJs = (function () {","            try {","                return typeof navigator.userAgent === 'string' &&","                    typeof document.querySelector('body') === 'object' &&","                    typeof XMLHttpRequest.prototype.open === 'function' &&","                    'browser';","            } catch (errorCaughtBrowser) {","                return module.exports &&","                    typeof process.versions.node === 'string' &&","                    typeof require('http').createServer === 'function' &&","                    'node';","            }","        }());","        // init global","        local.global = local.modeJs === 'browser'","            ? window","            : global;","        // init utility2_rollup","        local = local.global.utility2_rollup || (local.modeJs === 'browser'","            ? local.global.utility2_npmtest_fetch","            : global.utility2_moduleExports);","        // export local","        local.global.local = local;","    }());","    switch (local.modeJs) {","","","","    // post-init","    // run browser js-env code - post-init","    /* istanbul ignore next */","    case 'browser':","        local.testRunBrowser = function (event) {","            if (!event || (event &&","                    event.currentTarget &&","                    event.currentTarget.className &&","                    event.currentTarget.className.includes &&","                    event.currentTarget.className.includes('onreset'))) {","                // reset output","                Array.from(","                    document.querySelectorAll('body > .resettable')","                ).forEach(function (element) {","                    switch (element.tagName) {","                    case 'INPUT':","                    case 'TEXTAREA':","                        element.value = '';","                        break;","                    default:","                        element.textContent = '';","                    }","                });","            }","            switch (event && event.currentTarget && event.currentTarget.id) {","            case 'testRunButton1':","                // show tests","                if (document.querySelector('#testReportDiv1').style.display === 'none') {","                    document.querySelector('#testReportDiv1').style.display = 'block';","                    document.querySelector('#testRunButton1').textContent =","                        'hide internal test';","                    local.modeTest = true;","                    local.testRunDefault(local);","                // hide tests","                } else {","                    document.querySelector('#testReportDiv1').style.display = 'none';","                    document.querySelector('#testRunButton1').textContent = 'run internal test';","                }","                break;","            // custom-case","            default:","                break;","            }","            if (document.querySelector('#inputTextareaEval1') && (!event || (event &&","                    event.currentTarget &&","                    event.currentTarget.className &&","                    event.currentTarget.className.includes &&","                    event.currentTarget.className.includes('oneval')))) {","                // try to eval input-code","                try {","                    /*jslint evil: true*/","                    eval(document.querySelector('#inputTextareaEval1').value);","                } catch (errorCaught) {","                    console.error(errorCaught.stack);","                }","            }","        };","        // log stderr and stdout to #outputTextareaStdout1","        ['error', 'log'].forEach(function (key) {","            console[key + '_original'] = console[key];","            console[key] = function () {","                var element;","                console[key + '_original'].apply(console, arguments);","                element = document.querySelector('#outputTextareaStdout1');","                if (!element) {","                    return;","                }","                // append text to #outputTextareaStdout1","                element.value += Array.from(arguments).map(function (arg) {","                    return typeof arg === 'string'","                        ? arg","                        : JSON.stringify(arg, null, 4);","                }).join(' ') + '\\n';","                // scroll textarea to bottom","                element.scrollTop = element.scrollHeight;","            };","        });","        // init event-handling","        ['change', 'click', 'keyup'].forEach(function (event) {","            Array.from(document.querySelectorAll('.on' + event)).forEach(function (element) {","                element.addEventListener(event, local.testRunBrowser);","            });","        });","        // run tests","        local.testRunBrowser();","        break;","","","","    // run node js-env code - post-init","    /* istanbul ignore next */","    case 'node':","        // export local","        module.exports = local;","        // require modules","        local.fs = require('fs');","        local.http = require('http');","        local.url = require('url');","        // init assets","        local.assetsDict = local.assetsDict || {};","        /* jslint-ignore-begin */","        local.assetsDict['/assets.index.template.html'] = '\\","<!doctype html>\\n\\","<html lang=\"en\">\\n\\","<head>\\n\\","<meta charset=\"UTF-8\">\\n\\","<meta name=\"viewport\" content=\"width=device-width, initial-scale=1\">\\n\\","<title>{{env.npm_package_name}} (v{{env.npm_package_version}})</title>\\n\\","<style>\\n\\","/*csslint\\n\\","    box-sizing: false,\\n\\","    universal-selector: false\\n\\","*/\\n\\","* {\\n\\","    box-sizing: border-box;\\n\\","}\\n\\","body {\\n\\","    background: #dde;\\n\\","    font-family: Arial, Helvetica, sans-serif;\\n\\","    margin: 2rem;\\n\\","}\\n\\","body > * {\\n\\","    margin-bottom: 1rem;\\n\\","}\\n\\",".utility2FooterDiv {\\n\\","    margin-top: 20px;\\n\\","    text-align: center;\\n\\","}\\n\\","</style>\\n\\","<style>\\n\\","/*csslint\\n\\","*/\\n\\","textarea {\\n\\","    font-family: monospace;\\n\\","    height: 10rem;\\n\\","    width: 100%;\\n\\","}\\n\\","textarea[readonly] {\\n\\","    background: #ddd;\\n\\","}\\n\\","</style>\\n\\","</head>\\n\\","<body>\\n\\","<!-- utility2-comment\\n\\","<div id=\"ajaxProgressDiv1\" style=\"background: #d00; height: 2px; left: 0; margin: 0; padding: 0; position: fixed; top: 0; transition: background 0.5s, width 1.5s; width: 25%;\"></div>\\n\\","utility2-comment -->\\n\\","<h1>\\n\\","<!-- utility2-comment\\n\\","    <a\\n\\","        {{#if env.npm_package_homepage}}\\n\\","        href=\"{{env.npm_package_homepage}}\"\\n\\","        {{/if env.npm_package_homepage}}\\n\\","        target=\"_blank\"\\n\\","    >\\n\\","utility2-comment -->\\n\\","        {{env.npm_package_name}} (v{{env.npm_package_version}})\\n\\","<!-- utility2-comment\\n\\","    </a>\\n\\","utility2-comment -->\\n\\","</h1>\\n\\","<h3>{{env.npm_package_description}}</h3>\\n\\","<!-- utility2-comment\\n\\","<h4><a download href=\"assets.app.js\">download standalone app</a></h4>\\n\\","<button class=\"onclick onreset\" id=\"testRunButton1\">run internal test</button><br>\\n\\","<div id=\"testReportDiv1\" style=\"display: none;\"></div>\\n\\","utility2-comment -->\\n\\","\\n\\","\\n\\","\\n\\","<label>stderr and stdout</label>\\n\\","<textarea class=\"resettable\" id=\"outputTextareaStdout1\" readonly></textarea>\\n\\","<!-- utility2-comment\\n\\","{{#if isRollup}}\\n\\","<script src=\"assets.app.js\"></script>\\n\\","{{#unless isRollup}}\\n\\","utility2-comment -->\\n\\","<script src=\"assets.utility2.rollup.js\"></script>\\n\\","<script src=\"jsonp.utility2._stateInit?callback=window.utility2._stateInit\"></script>\\n\\","<script src=\"assets.npmtest_fetch.rollup.js\"></script>\\n\\","<script src=\"assets.example.js\"></script>\\n\\","<script src=\"assets.test.js\"></script>\\n\\","<!-- utility2-comment\\n\\","{{/if isRollup}}\\n\\","utility2-comment -->\\n\\","<div class=\"utility2FooterDiv\">\\n\\","    [ this app was created with\\n\\","    <a href=\"https://github.com/kaizhu256/node-utility2\" target=\"_blank\">utility2</a>\\n\\","    ]\\n\\","</div>\\n\\","</body>\\n\\","</html>\\n\\","';","        /* jslint-ignore-end */","        if (local.templateRender) {","            local.assetsDict['/'] = local.templateRender(","                local.assetsDict['/assets.index.template.html'],","                {","                    env: local.objectSetDefault(local.env, {","                        npm_package_description: 'the greatest app in the world!',","                        npm_package_name: 'my-app',","                        npm_package_nameAlias: 'my_app',","                        npm_package_version: '0.0.1'","                    })","                }","            );","        } else {","            local.assetsDict['/'] = local.assetsDict['/assets.index.template.html']","                .replace((/\\{\\{env\\.(\\w+?)\\}\\}/g), function (match0, match1) {","                    // jslint-hack","                    String(match0);","                    switch (match1) {","                    case 'npm_package_description':","                        return 'the greatest app in the world!';","                    case 'npm_package_name':","                        return 'my-app';","                    case 'npm_package_nameAlias':","                        return 'my_app';","                    case 'npm_package_version':","                        return '0.0.1';","                    }","                });","        }","        // run the cli","        if (local.global.utility2_rollup || module !== require.main) {","            break;","        }","        local.assetsDict['/assets.example.js'] =","            local.assetsDict['/assets.example.js'] ||","            local.fs.readFileSync(__filename, 'utf8');","        local.assetsDict['/assets.npmtest_fetch.rollup.js'] =","            local.assetsDict['/assets.npmtest_fetch.rollup.js'] ||","            local.fs.readFileSync(","                // buildCustomOrg-hack","                local.npmtest_fetch.__dirname +","                    '/lib.npmtest_fetch.js',","                'utf8'","            ).replace((/^#!/), '//');","        local.assetsDict['/favicon.ico'] = local.assetsDict['/favicon.ico'] || '';","        // if $npm_config_timeout_exit exists,","        // then exit this process after $npm_config_timeout_exit ms","        if (Number(process.env.npm_config_timeout_exit)) {","            setTimeout(process.exit, Number(process.env.npm_config_timeout_exit));","        }","        // start server","        if (local.global.utility2_serverHttp1) {","            break;","        }","        process.env.PORT = process.env.PORT || '8081';","        console.error('server starting on port ' + process.env.PORT);","        local.http.createServer(function (request, response) {","            request.urlParsed = local.url.parse(request.url);","            if (local.assetsDict[request.urlParsed.pathname] !== undefined) {","                response.end(local.assetsDict[request.urlParsed.pathname]);","                return;","            }","            response.statusCode = 404;","            response.end();","        }).listen(process.env.PORT);","        break;","    }","}());",""],"l":{"26":2,"28":2,"33":2,"35":2,"37":2,"38":2,"39":2,"44":1,"51":2,"55":2,"59":2,"61":2,"69":1,"70":2,"76":2,"79":2,"82":2,"83":2,"85":1,"89":2,"92":1,"93":1,"94":1,"96":1,"97":1,"100":1,"101":1,"103":1,"106":1,"108":2,"114":1,"116":1,"118":1,"123":1,"124":2,"125":2,"126":2,"127":2,"128":2,"129":2,"130":1,"133":2,"134":2,"139":2,"143":1,"144":3,"145":1,"149":1,"150":1,"158":1,"160":1,"161":1,"162":1,"164":1,"166":1,"258":1,"259":1,"271":1,"274":6,"275":6,"277":1,"279":2,"281":1,"283":2,"288":1,"289":1,"291":1,"294":1,"302":1,"305":1,"306":1,"309":1,"310":1,"312":1,"313":1,"314":1,"315":1,"316":1,"317":1,"318":1,"320":1,"321":1,"323":1}},"/home/travis/build/npmtest/node-npmtest-fetch/fetch/lib/fetch.js":{"path":"/home/travis/build/npmtest/node-npmtest-fetch/fetch/lib/fetch.js","s":{"1":1,"2":1,"3":1,"4":1,"5":1,"6":1,"7":1,"8":1,"9":1,"10":1,"11":1,"12":1,"13":1,"14":1,"15":1,"16":0,"17":0,"18":0,"19":0,"20":0,"21":0,"22":0,"23":0,"24":0,"25":0,"26":0,"27":0,"28":0,"29":0,"30":0,"31":1,"32":1,"33":0,"34":0,"35":0,"36":0,"37":0,"38":1,"39":0,"40":0,"41":0,"42":0,"43":0,"44":0,"45":0,"46":0,"47":0,"48":0,"49":0,"50":0,"51":0,"52":0,"53":0,"54":0,"55":0,"56":0,"57":0,"58":0,"59":1,"60":0,"61":1,"62":0,"63":0,"64":0,"65":0,"66":0,"67":0,"68":0,"69":0,"70":0,"71":0,"72":0,"73":0,"74":0,"75":0,"76":0,"77":0,"78":0,"79":0,"80":0,"81":0,"82":0,"83":0,"84":0,"85":0,"86":0,"87":0,"88":0,"89":0,"90":0,"91":0,"92":1,"93":0,"94":0,"95":0,"96":0,"97":0,"98":0,"99":0,"100":0,"101":0,"102":0,"103":0,"104":0,"105":0,"106":0,"107":0,"108":0,"109":0,"110":0,"111":0,"112":0,"113":0,"114":0,"115":0,"116":0,"117":0,"118":0,"119":1,"120":0,"121":1,"122":0,"123":0,"124":0,"125":0,"126":0,"127":0,"128":0,"129":0,"130":0,"131":0,"132":0,"133":0,"134":0,"135":0,"136":0,"137":0,"138":0,"139":0,"140":0,"141":0,"142":0,"143":1,"144":0,"145":0,"146":0,"147":0,"148":0,"149":0,"150":0,"151":0,"152":0,"153":0,"154":0,"155":0,"156":0,"157":0,"158":0,"159":0,"160":0,"161":0,"162":0,"163":0,"164":0,"165":0,"166":0,"167":0,"168":0,"169":0,"170":0,"171":0,"172":0,"173":0,"174":0,"175":0,"176":0,"177":0,"178":0,"179":0,"180":0,"181":0,"182":0,"183":0,"184":0,"185":0,"186":0,"187":0,"188":0,"189":0,"190":0,"191":0,"192":0,"193":0,"194":0,"195":0,"196":0,"197":1,"198":0,"199":0,"200":0,"201":0,"202":0,"203":0,"204":0,"205":0,"206":0,"207":0,"208":0,"209":0,"210":0,"211":0,"212":0,"213":0,"214":0,"215":0,"216":0,"217":0,"218":0,"219":0,"220":0,"221":0,"222":0,"223":0,"224":0,"225":0,"226":0,"227":0,"228":0,"229":0,"230":0,"231":0,"232":0,"233":1,"234":0,"235":0,"236":0,"237":0,"238":0,"239":0,"240":0,"241":0,"242":0,"243":1,"244":0,"245":0,"246":0,"247":0,"248":0,"249":0,"250":0,"251":0,"252":0,"253":0},"b":{"1":[0,0],"2":[0,0],"3":[0,0],"4":[0,0],"5":[0,0],"6":[0,0],"7":[0,0],"8":[0,0],"9":[0,0],"10":[0,0],"11":[0,0],"12":[0,0],"13":[0,0],"14":[0,0],"15":[0,0],"16":[0,0],"17":[0,0],"18":[0,0,0],"19":[0,0],"20":[0,0],"21":[0,0],"22":[0,0],"23":[0,0],"24":[0,0],"25":[0,0],"26":[0,0],"27":[0,0],"28":[0,0],"29":[0,0],"30":[0,0],"31":[0,0],"32":[0,0],"33":[0,0],"34":[0,0,0],"35":[0,0],"36":[0,0],"37":[0,0],"38":[0,0],"39":[0,0],"40":[0,0],"41":[0,0,0],"42":[0,0],"43":[0,0],"44":[0,0],"45":[0,0],"46":[0,0],"47":[0,0],"48":[0,0],"49":[0,0],"50":[0,0],"51":[0,0],"52":[0,0],"53":[0,0],"54":[0,0],"55":[0,0],"56":[0,0],"57":[0,0,0],"58":[0,0],"59":[0,0],"60":[0,0],"61":[0,0],"62":[0,0],"63":[0,0],"64":[0,0],"65":[0,0],"66":[0,0],"67":[0,0],"68":[0,0],"69":[0,0],"70":[0,0],"71":[0,0],"72":[0,0],"73":[0,0],"74":[0,0],"75":[0,0],"76":[0,0],"77":[0,0],"78":[0,0],"79":[0,0,0],"80":[0,0],"81":[0,0],"82":[0,0],"83":[0,0],"84":[0,0],"85":[0,0],"86":[0,0],"87":[0,0],"88":[0,0],"89":[0,0],"90":[0,0],"91":[0,0],"92":[0,0],"93":[0,0],"94":[0,0]},"f":{"1":0,"2":0,"3":0,"4":0,"5":0,"6":0,"7":0,"8":0,"9":0,"10":0,"11":0,"12":0,"13":0,"14":0,"15":0,"16":0,"17":0,"18":0,"19":0,"20":0,"21":0,"22":0,"23":0},"fnMap":{"1":{"name":"FetchStream","line":20,"loc":{"start":{"line":20,"column":0},"end":{"line":20,"column":35}}},"2":{"name":"(anonymous_2)","line":49,"loc":{"start":{"line":49,"column":30},"end":{"line":49,"column":46}}},"3":{"name":"(anonymous_3)","line":58,"loc":{"start":{"line":58,"column":36},"end":{"line":58,"column":48}}},"4":{"name":"(anonymous_4)","line":88,"loc":{"start":{"line":88,"column":32},"end":{"line":88,"column":46}}},"5":{"name":"(anonymous_5)","line":92,"loc":{"start":{"line":92,"column":41},"end":{"line":92,"column":53}}},"6":{"name":"(anonymous_6)","line":166,"loc":{"start":{"line":166,"column":33},"end":{"line":166,"column":48}}},"7":{"name":"(anonymous_7)","line":228,"loc":{"start":{"line":228,"column":36},"end":{"line":228,"column":56}}},"8":{"name":"(anonymous_8)","line":232,"loc":{"start":{"line":232,"column":34},"end":{"line":232,"column":49}}},"9":{"name":"(anonymous_9)","line":251,"loc":{"start":{"line":251,"column":27},"end":{"line":251,"column":53}}},"10":{"name":"(anonymous_10)","line":274,"loc":{"start":{"line":274,"column":35},"end":{"line":274,"column":60}}},"11":{"name":"(anonymous_11)","line":276,"loc":{"start":{"line":276,"column":63},"end":{"line":276,"column":78}}},"12":{"name":"(anonymous_12)","line":305,"loc":{"start":{"line":305,"column":23},"end":{"line":305,"column":40}}},"13":{"name":"(anonymous_13)","line":329,"loc":{"start":{"line":329,"column":21},"end":{"line":329,"column":34}}},"14":{"name":"(anonymous_14)","line":335,"loc":{"start":{"line":335,"column":19},"end":{"line":335,"column":31}}},"15":{"name":"(anonymous_15)","line":342,"loc":{"start":{"line":342,"column":22},"end":{"line":342,"column":43}}},"16":{"name":"(anonymous_16)","line":366,"loc":{"start":{"line":366,"column":21},"end":{"line":366,"column":34}}},"17":{"name":"fetchUrl","line":385,"loc":{"start":{"line":385,"column":0},"end":{"line":385,"column":42}}},"18":{"name":"(anonymous_18)","line":400,"loc":{"start":{"line":400,"column":27},"end":{"line":400,"column":43}}},"19":{"name":"(anonymous_19)","line":405,"loc":{"start":{"line":405,"column":27},"end":{"line":405,"column":44}}},"20":{"name":"(anonymous_20)","line":412,"loc":{"start":{"line":412,"column":28},"end":{"line":412,"column":45}}},"21":{"name":"(anonymous_21)","line":424,"loc":{"start":{"line":424,"column":26},"end":{"line":424,"column":38}}},"22":{"name":"_parseContentType","line":456,"loc":{"start":{"line":456,"column":0},"end":{"line":456,"column":32}}},"23":{"name":"_findHTMLCharset","line":479,"loc":{"start":{"line":479,"column":0},"end":{"line":479,"column":38}}}},"statementMap":{"1":{"start":{"line":3,"column":0},"end":{"line":3,"column":27}},"2":{"start":{"line":4,"column":0},"end":{"line":4,"column":29}},"3":{"start":{"line":5,"column":0},"end":{"line":5,"column":28}},"4":{"start":{"line":6,"column":0},"end":{"line":6,"column":30}},"5":{"start":{"line":7,"column":0},"end":{"line":7,"column":27}},"6":{"start":{"line":8,"column":0},"end":{"line":8,"column":25}},"7":{"start":{"line":9,"column":0},"end":{"line":9,"column":40}},"8":{"start":{"line":10,"column":0},"end":{"line":10,"column":49}},"9":{"start":{"line":11,"column":0},"end":{"line":11,"column":38}},"10":{"start":{"line":12,"column":0},"end":{"line":12,"column":25}},"11":{"start":{"line":14,"column":0},"end":{"line":14,"column":51}},"12":{"start":{"line":16,"column":0},"end":{"line":16,"column":34}},"13":{"start":{"line":17,"column":0},"end":{"line":17,"column":30}},"14":{"start":{"line":18,"column":0},"end":{"line":18,"column":28}},"15":{"start":{"line":20,"column":0},"end":{"line":46,"column":1}},"16":{"start":{"line":21,"column":4},"end":{"line":21,"column":22}},"17":{"start":{"line":23,"column":4},"end":{"line":23,"column":28}},"18":{"start":{"line":25,"column":4},"end":{"line":25,"column":19}},"19":{"start":{"line":26,"column":4},"end":{"line":28,"column":5}},"20":{"start":{"line":27,"column":8},"end":{"line":27,"column":64}},"21":{"start":{"line":30,"column":4},"end":{"line":30,"column":56}},"22":{"start":{"line":32,"column":4},"end":{"line":32,"column":29}},"23":{"start":{"line":34,"column":4},"end":{"line":34,"column":33}},"24":{"start":{"line":35,"column":4},"end":{"line":35,"column":28}},"25":{"start":{"line":38,"column":4},"end":{"line":42,"column":5}},"26":{"start":{"line":39,"column":8},"end":{"line":39,"column":53}},"27":{"start":{"line":41,"column":8},"end":{"line":41,"column":57}},"28":{"start":{"line":43,"column":4},"end":{"line":43,"column":94}},"29":{"start":{"line":44,"column":4},"end":{"line":44,"column":23}},"30":{"start":{"line":45,"column":4},"end":{"line":45,"column":25}},"31":{"start":{"line":47,"column":0},"end":{"line":47,"column":38}},"32":{"start":{"line":49,"column":0},"end":{"line":56,"column":2}},"33":{"start":{"line":50,"column":4},"end":{"line":53,"column":5}},"34":{"start":{"line":51,"column":8},"end":{"line":51,"column":24}},"35":{"start":{"line":52,"column":8},"end":{"line":52,"column":15}},"36":{"start":{"line":54,"column":4},"end":{"line":54,"column":29}},"37":{"start":{"line":55,"column":4},"end":{"line":55,"column":23}},"38":{"start":{"line":58,"column":0},"end":{"line":86,"column":2}},"39":{"start":{"line":59,"column":4},"end":{"line":61,"column":5}},"40":{"start":{"line":60,"column":8},"end":{"line":60,"column":15}},"41":{"start":{"line":62,"column":4},"end":{"line":64,"column":5}},"42":{"start":{"line":63,"column":8},"end":{"line":63,"column":15}},"43":{"start":{"line":65,"column":4},"end":{"line":65,"column":13}},"44":{"start":{"line":66,"column":4},"end":{"line":66,"column":13}},"45":{"start":{"line":67,"column":4},"end":{"line":67,"column":17}},"46":{"start":{"line":69,"column":4},"end":{"line":78,"column":5}},"47":{"start":{"line":70,"column":8},"end":{"line":70,"column":113}},"48":{"start":{"line":71,"column":8},"end":{"line":71,"column":63}},"49":{"start":{"line":72,"column":8},"end":{"line":72,"column":65}},"50":{"start":{"line":73,"column":8},"end":{"line":73,"column":97}},"51":{"start":{"line":74,"column":8},"end":{"line":74,"column":60}},"52":{"start":{"line":76,"column":8},"end":{"line":76,"column":35}},"53":{"start":{"line":77,"column":8},"end":{"line":77,"column":83}},"54":{"start":{"line":79,"column":4},"end":{"line":79,"column":31}},"55":{"start":{"line":80,"column":4},"end":{"line":80,"column":25}},"56":{"start":{"line":81,"column":4},"end":{"line":85,"column":5}},"57":{"start":{"line":82,"column":8},"end":{"line":82,"column":47}},"58":{"start":{"line":84,"column":8},"end":{"line":84,"column":24}},"59":{"start":{"line":88,"column":0},"end":{"line":90,"column":2}},"60":{"start":{"line":89,"column":4},"end":{"line":89,"column":29}},"61":{"start":{"line":92,"column":0},"end":{"line":164,"column":2}},"62":{"start":{"line":95,"column":4},"end":{"line":95,"column":63}},"63":{"start":{"line":99,"column":4},"end":{"line":104,"column":5}},"64":{"start":{"line":101,"column":8},"end":{"line":101,"column":39}},"65":{"start":{"line":102,"column":11},"end":{"line":104,"column":5}},"66":{"start":{"line":103,"column":8},"end":{"line":103,"column":38}},"67":{"start":{"line":110,"column":4},"end":{"line":110,"column":54}},"68":{"start":{"line":112,"column":4},"end":{"line":112,"column":49}},"69":{"start":{"line":113,"column":4},"end":{"line":113,"column":24}},"70":{"start":{"line":114,"column":4},"end":{"line":114,"column":10}},"71":{"start":{"line":116,"column":4},"end":{"line":118,"column":5}},"72":{"start":{"line":117,"column":8},"end":{"line":117,"column":81}},"73":{"start":{"line":120,"column":4},"end":{"line":120,"column":38}},"74":{"start":{"line":122,"column":4},"end":{"line":124,"column":5}},"75":{"start":{"line":123,"column":8},"end":{"line":123,"column":60}},"76":{"start":{"line":126,"column":4},"end":{"line":128,"column":5}},"77":{"start":{"line":127,"column":8},"end":{"line":127,"column":49}},"78":{"start":{"line":130,"column":4},"end":{"line":132,"column":5}},"79":{"start":{"line":131,"column":8},"end":{"line":131,"column":59}},"80":{"start":{"line":134,"column":4},"end":{"line":138,"column":5}},"81":{"start":{"line":135,"column":8},"end":{"line":135,"column":66}},"82":{"start":{"line":137,"column":8},"end":{"line":137,"column":55}},"83":{"start":{"line":142,"column":4},"end":{"line":144,"column":5}},"84":{"start":{"line":143,"column":8},"end":{"line":143,"column":50}},"85":{"start":{"line":148,"column":4},"end":{"line":150,"column":5}},"86":{"start":{"line":149,"column":8},"end":{"line":149,"column":96}},"87":{"start":{"line":154,"column":4},"end":{"line":158,"column":5}},"88":{"start":{"line":155,"column":8},"end":{"line":157,"column":9}},"89":{"start":{"line":156,"column":12},"end":{"line":156,"column":72}},"90":{"start":{"line":161,"column":4},"end":{"line":163,"column":5}},"91":{"start":{"line":162,"column":8},"end":{"line":162,"column":47}},"92":{"start":{"line":166,"column":0},"end":{"line":226,"column":2}},"93":{"start":{"line":167,"column":4},"end":{"line":175,"column":10}},"94":{"start":{"line":177,"column":4},"end":{"line":185,"column":5}},"95":{"start":{"line":179,"column":12},"end":{"line":179,"column":30}},"96":{"start":{"line":180,"column":12},"end":{"line":180,"column":18}},"97":{"start":{"line":183,"column":12},"end":{"line":183,"column":29}},"98":{"start":{"line":184,"column":12},"end":{"line":184,"column":18}},"99":{"start":{"line":187,"column":4},"end":{"line":201,"column":5}},"100":{"start":{"line":188,"column":8},"end":{"line":190,"column":9}},"101":{"start":{"line":189,"column":12},"end":{"line":189,"column":55}},"102":{"start":{"line":191,"column":8},"end":{"line":193,"column":9}},"103":{"start":{"line":192,"column":12},"end":{"line":192,"column":50}},"104":{"start":{"line":195,"column":8},"end":{"line":197,"column":9}},"105":{"start":{"line":196,"column":12},"end":{"line":196,"column":54}},"106":{"start":{"line":198,"column":8},"end":{"line":200,"column":9}},"107":{"start":{"line":199,"column":12},"end":{"line":199,"column":50}},"108":{"start":{"line":203,"column":4},"end":{"line":213,"column":5}},"109":{"start":{"line":204,"column":8},"end":{"line":212,"column":9}},"110":{"start":{"line":206,"column":16},"end":{"line":206,"column":38}},"111":{"start":{"line":207,"column":16},"end":{"line":207,"column":22}},"112":{"start":{"line":210,"column":16},"end":{"line":210,"column":37}},"113":{"start":{"line":211,"column":16},"end":{"line":211,"column":22}},"114":{"start":{"line":215,"column":4},"end":{"line":215,"column":52}},"115":{"start":{"line":217,"column":4},"end":{"line":220,"column":5}},"116":{"start":{"line":218,"column":8},"end":{"line":218,"column":120}},"117":{"start":{"line":219,"column":8},"end":{"line":219,"column":77}},"118":{"start":{"line":222,"column":4},"end":{"line":225,"column":6}},"119":{"start":{"line":228,"column":0},"end":{"line":230,"column":2}},"120":{"start":{"line":229,"column":4},"end":{"line":229,"column":37}},"121":{"start":{"line":232,"column":0},"end":{"line":272,"column":2}},"122":{"start":{"line":233,"column":4},"end":{"line":234,"column":49}},"123":{"start":{"line":236,"column":4},"end":{"line":240,"column":5}},"124":{"start":{"line":237,"column":8},"end":{"line":237,"column":53}},"125":{"start":{"line":239,"column":8},"end":{"line":239,"column":50}},"126":{"start":{"line":242,"column":4},"end":{"line":244,"column":5}},"127":{"start":{"line":243,"column":8},"end":{"line":243,"column":111}},"128":{"start":{"line":246,"column":4},"end":{"line":248,"column":5}},"129":{"start":{"line":247,"column":8},"end":{"line":247,"column":81}},"130":{"start":{"line":250,"column":4},"end":{"line":271,"column":5}},"131":{"start":{"line":251,"column":8},"end":{"line":262,"column":22}},"132":{"start":{"line":252,"column":12},"end":{"line":255,"column":13}},"133":{"start":{"line":253,"column":16},"end":{"line":253,"column":40}},"134":{"start":{"line":254,"column":16},"end":{"line":254,"column":23}},"135":{"start":{"line":257,"column":12},"end":{"line":257,"column":104}},"136":{"start":{"line":258,"column":12},"end":{"line":258,"column":56}},"137":{"start":{"line":259,"column":12},"end":{"line":259,"column":139}},"138":{"start":{"line":261,"column":12},"end":{"line":261,"column":43}},"139":{"start":{"line":264,"column":8},"end":{"line":268,"column":9}},"140":{"start":{"line":265,"column":12},"end":{"line":265,"column":58}},"141":{"start":{"line":267,"column":12},"end":{"line":267,"column":64}},"142":{"start":{"line":270,"column":8},"end":{"line":270,"column":39}},"143":{"start":{"line":274,"column":0},"end":{"line":383,"column":2}},"144":{"start":{"line":276,"column":4},"end":{"line":364,"column":19}},"145":{"start":{"line":279,"column":8},"end":{"line":283,"column":9}},"146":{"start":{"line":280,"column":12},"end":{"line":282,"column":13}},"147":{"start":{"line":281,"column":16},"end":{"line":281,"column":76}},"148":{"start":{"line":285,"column":8},"end":{"line":292,"column":9}},"149":{"start":{"line":286,"column":12},"end":{"line":291,"column":13}},"150":{"start":{"line":287,"column":16},"end":{"line":287,"column":39}},"151":{"start":{"line":288,"column":16},"end":{"line":288,"column":30}},"152":{"start":{"line":289,"column":16},"end":{"line":289,"column":74}},"153":{"start":{"line":290,"column":16},"end":{"line":290,"column":23}},"154":{"start":{"line":294,"column":8},"end":{"line":300,"column":10}},"155":{"start":{"line":302,"column":8},"end":{"line":348,"column":26}},"156":{"start":{"line":306,"column":16},"end":{"line":310,"column":17}},"157":{"start":{"line":307,"column":20},"end":{"line":307,"column":69}},"158":{"start":{"line":309,"column":20},"end":{"line":309,"column":42}},"159":{"start":{"line":312,"column":16},"end":{"line":314,"column":17}},"160":{"start":{"line":313,"column":20},"end":{"line":313,"column":27}},"161":{"start":{"line":316,"column":16},"end":{"line":316,"column":57}},"162":{"start":{"line":317,"column":16},"end":{"line":325,"column":17}},"163":{"start":{"line":318,"column":20},"end":{"line":322,"column":21}},"164":{"start":{"line":319,"column":24},"end":{"line":319,"column":52}},"165":{"start":{"line":321,"column":24},"end":{"line":321,"column":90}},"166":{"start":{"line":324,"column":20},"end":{"line":324,"column":123}},"167":{"start":{"line":326,"column":16},"end":{"line":326,"column":35}},"168":{"start":{"line":330,"column":16},"end":{"line":330,"column":34}},"169":{"start":{"line":331,"column":16},"end":{"line":331,"column":38}},"170":{"start":{"line":332,"column":16},"end":{"line":332,"column":35}},"171":{"start":{"line":336,"column":16},"end":{"line":336,"column":34}},"172":{"start":{"line":337,"column":16},"end":{"line":339,"column":17}},"173":{"start":{"line":338,"column":20},"end":{"line":338,"column":36}},"174":{"start":{"line":343,"column":16},"end":{"line":343,"column":48}},"175":{"start":{"line":344,"column":16},"end":{"line":344,"column":38}},"176":{"start":{"line":345,"column":16},"end":{"line":345,"column":37}},"177":{"start":{"line":346,"column":16},"end":{"line":346,"column":33}},"178":{"start":{"line":347,"column":16},"end":{"line":347,"column":28}},"179":{"start":{"line":350,"column":8},"end":{"line":350,"column":37}},"180":{"start":{"line":352,"column":8},"end":{"line":359,"column":9}},"181":{"start":{"line":353,"column":12},"end":{"line":358,"column":13}},"182":{"start":{"line":355,"column":20},"end":{"line":355,"column":49}},"183":{"start":{"line":357,"column":20},"end":{"line":357,"column":53}},"184":{"start":{"line":361,"column":8},"end":{"line":361,"column":32}},"185":{"start":{"line":362,"column":8},"end":{"line":362,"column":27}},"186":{"start":{"line":366,"column":4},"end":{"line":368,"column":19}},"187":{"start":{"line":367,"column":8},"end":{"line":367,"column":30}},"188":{"start":{"line":370,"column":4},"end":{"line":372,"column":5}},"189":{"start":{"line":371,"column":8},"end":{"line":371,"column":66}},"190":{"start":{"line":373,"column":4},"end":{"line":373,"column":44}},"191":{"start":{"line":375,"column":4},"end":{"line":382,"column":5}},"192":{"start":{"line":376,"column":8},"end":{"line":376,"column":38}},"193":{"start":{"line":377,"column":11},"end":{"line":382,"column":5}},"194":{"start":{"line":378,"column":8},"end":{"line":378,"column":45}},"195":{"start":{"line":379,"column":8},"end":{"line":379,"column":44}},"196":{"start":{"line":381,"column":8},"end":{"line":381,"column":18}},"197":{"start":{"line":385,"column":0},"end":{"line":454,"column":1}},"198":{"start":{"line":386,"column":4},"end":{"line":389,"column":5}},"199":{"start":{"line":387,"column":8},"end":{"line":387,"column":27}},"200":{"start":{"line":388,"column":8},"end":{"line":388,"column":28}},"201":{"start":{"line":390,"column":4},"end":{"line":390,"column":28}},"202":{"start":{"line":392,"column":4},"end":{"line":398,"column":30}},"203":{"start":{"line":400,"column":4},"end":{"line":403,"column":7}},"204":{"start":{"line":401,"column":8},"end":{"line":401,"column":29}},"205":{"start":{"line":402,"column":8},"end":{"line":402,"column":79}},"206":{"start":{"line":405,"column":4},"end":{"line":410,"column":7}},"207":{"start":{"line":406,"column":8},"end":{"line":409,"column":9}},"208":{"start":{"line":407,"column":12},"end":{"line":407,"column":31}},"209":{"start":{"line":408,"column":12},"end":{"line":408,"column":35}},"210":{"start":{"line":412,"column":4},"end":{"line":422,"column":7}},"211":{"start":{"line":413,"column":8},"end":{"line":416,"column":9}},"212":{"start":{"line":415,"column":12},"end":{"line":415,"column":19}},"213":{"start":{"line":417,"column":8},"end":{"line":419,"column":9}},"214":{"start":{"line":418,"column":12},"end":{"line":418,"column":19}},"215":{"start":{"line":420,"column":8},"end":{"line":420,"column":29}},"216":{"start":{"line":421,"column":8},"end":{"line":421,"column":24}},"217":{"start":{"line":424,"column":4},"end":{"line":453,"column":7}},"218":{"start":{"line":425,"column":8},"end":{"line":427,"column":9}},"219":{"start":{"line":426,"column":12},"end":{"line":426,"column":19}},"220":{"start":{"line":428,"column":8},"end":{"line":428,"column":29}},"221":{"start":{"line":430,"column":8},"end":{"line":430,"column":71}},"222":{"start":{"line":431,"column":8},"end":{"line":434,"column":9}},"223":{"start":{"line":432,"column":12},"end":{"line":432,"column":43}},"224":{"start":{"line":433,"column":12},"end":{"line":433,"column":39}},"225":{"start":{"line":436,"column":8},"end":{"line":438,"column":9}},"226":{"start":{"line":437,"column":12},"end":{"line":437,"column":84}},"227":{"start":{"line":440,"column":8},"end":{"line":440,"column":113}},"228":{"start":{"line":443,"column":8},"end":{"line":445,"column":9}},"229":{"start":{"line":444,"column":12},"end":{"line":444,"column":80}},"230":{"start":{"line":447,"column":8},"end":{"line":451,"column":9}},"231":{"start":{"line":448,"column":12},"end":{"line":448,"column":90}},"232":{"start":{"line":450,"column":12},"end":{"line":450,"column":57}},"233":{"start":{"line":456,"column":0},"end":{"line":477,"column":1}},"234":{"start":{"line":457,"column":4},"end":{"line":459,"column":5}},"235":{"start":{"line":458,"column":8},"end":{"line":458,"column":18}},"236":{"start":{"line":460,"column":4},"end":{"line":462,"column":25}},"237":{"start":{"line":464,"column":4},"end":{"line":471,"column":5}},"238":{"start":{"line":465,"column":8},"end":{"line":465,"column":38}},"239":{"start":{"line":466,"column":8},"end":{"line":470,"column":9}},"240":{"start":{"line":467,"column":12},"end":{"line":469,"column":13}},"241":{"start":{"line":468,"column":16},"end":{"line":468,"column":37}},"242":{"start":{"line":473,"column":4},"end":{"line":476,"column":6}},"243":{"start":{"line":479,"column":0},"end":{"line":500,"column":1}},"244":{"start":{"line":481,"column":4},"end":{"line":482,"column":29}},"245":{"start":{"line":484,"column":4},"end":{"line":486,"column":5}},"246":{"start":{"line":485,"column":8},"end":{"line":485,"column":24}},"247":{"start":{"line":488,"column":4},"end":{"line":493,"column":5}},"248":{"start":{"line":489,"column":8},"end":{"line":489,"column":66}},"249":{"start":{"line":490,"column":8},"end":{"line":492,"column":9}},"250":{"start":{"line":491,"column":12},"end":{"line":491,"column":62}},"251":{"start":{"line":495,"column":4},"end":{"line":497,"column":5}},"252":{"start":{"line":496,"column":8},"end":{"line":496,"column":55}},"253":{"start":{"line":499,"column":4},"end":{"line":499,"column":19}}},"branchMap":{"1":{"line":23,"type":"binary-expr","locations":[{"start":{"line":23,"column":14},"end":{"line":23,"column":21}},{"start":{"line":23,"column":25},"end":{"line":23,"column":27}}]},"2":{"line":26,"type":"if","locations":[{"start":{"line":26,"column":4},"end":{"line":26,"column":4}},{"start":{"line":26,"column":4},"end":{"line":26,"column":4}}]},"3":{"line":30,"type":"binary-expr","locations":[{"start":{"line":30,"column":21},"end":{"line":30,"column":38}},{"start":{"line":30,"column":42},"end":{"line":30,"column":55}}]},"4":{"line":34,"type":"binary-expr","locations":[{"start":{"line":34,"column":19},"end":{"line":34,"column":26}},{"start":{"line":34,"column":30},"end":{"line":34,"column":32}}]},"5":{"line":38,"type":"if","locations":[{"start":{"line":38,"column":4},"end":{"line":38,"column":4}},{"start":{"line":38,"column":4},"end":{"line":38,"column":4}}]},"6":{"line":43,"type":"cond-expr","locations":[{"start":{"line":43,"column":38},"end":{"line":43,"column":67}},{"start":{"line":43,"column":70},"end":{"line":43,"column":93}}]},"7":{"line":50,"type":"if","locations":[{"start":{"line":50,"column":4},"end":{"line":50,"column":4}},{"start":{"line":50,"column":4},"end":{"line":50,"column":4}}]},"8":{"line":50,"type":"binary-expr","locations":[{"start":{"line":50,"column":8},"end":{"line":50,"column":18}},{"start":{"line":50,"column":22},"end":{"line":50,"column":54}}]},"9":{"line":59,"type":"if","locations":[{"start":{"line":59,"column":4},"end":{"line":59,"column":4}},{"start":{"line":59,"column":4},"end":{"line":59,"column":4}}]},"10":{"line":62,"type":"if","locations":[{"start":{"line":62,"column":4},"end":{"line":62,"column":4}},{"start":{"line":62,"column":4},"end":{"line":62,"column":4}}]},"11":{"line":69,"type":"if","locations":[{"start":{"line":69,"column":4},"end":{"line":69,"column":4}},{"start":{"line":69,"column":4},"end":{"line":69,"column":4}}]},"12":{"line":70,"type":"cond-expr","locations":[{"start":{"line":70,"column":27},"end":{"line":70,"column":71}},{"start":{"line":70,"column":74},"end":{"line":70,"column":112}}]},"13":{"line":73,"type":"cond-expr","locations":[{"start":{"line":73,"column":27},"end":{"line":73,"column":63}},{"start":{"line":73,"column":66},"end":{"line":73,"column":96}}]},"14":{"line":77,"type":"cond-expr","locations":[{"start":{"line":77,"column":27},"end":{"line":77,"column":56}},{"start":{"line":77,"column":59},"end":{"line":77,"column":82}}]},"15":{"line":81,"type":"if","locations":[{"start":{"line":81,"column":4},"end":{"line":81,"column":4}},{"start":{"line":81,"column":4},"end":{"line":81,"column":4}}]},"16":{"line":95,"type":"binary-expr","locations":[{"start":{"line":95,"column":21},"end":{"line":95,"column":43}},{"start":{"line":95,"column":47},"end":{"line":95,"column":62}}]},"17":{"line":99,"type":"if","locations":[{"start":{"line":99,"column":4},"end":{"line":99,"column":4}},{"start":{"line":99,"column":4},"end":{"line":99,"column":4}}]},"18":{"line":99,"type":"binary-expr","locations":[{"start":{"line":99,"column":8},"end":{"line":99,"column":37}},{"start":{"line":99,"column":41},"end":{"line":99,"column":86}},{"start":{"line":100,"column":8},"end":{"line":100,"column":54}}]},"19":{"line":102,"type":"if","locations":[{"start":{"line":102,"column":11},"end":{"line":102,"column":11}},{"start":{"line":102,"column":11},"end":{"line":102,"column":11}}]},"20":{"line":110,"type":"binary-expr","locations":[{"start":{"line":110,"column":27},"end":{"line":110,"column":47}},{"start":{"line":110,"column":51},"end":{"line":110,"column":53}}]},"21":{"line":122,"type":"if","locations":[{"start":{"line":122,"column":4},"end":{"line":122,"column":4}},{"start":{"line":122,"column":4},"end":{"line":122,"column":4}}]},"22":{"line":126,"type":"if","locations":[{"start":{"line":126,"column":4},"end":{"line":126,"column":4}},{"start":{"line":126,"column":4},"end":{"line":126,"column":4}}]},"23":{"line":130,"type":"if","locations":[{"start":{"line":130,"column":4},"end":{"line":130,"column":4}},{"start":{"line":130,"column":4},"end":{"line":130,"column":4}}]},"24":{"line":134,"type":"if","locations":[{"start":{"line":134,"column":4},"end":{"line":134,"column":4}},{"start":{"line":134,"column":4},"end":{"line":134,"column":4}}]},"25":{"line":142,"type":"if","locations":[{"start":{"line":142,"column":4},"end":{"line":142,"column":4}},{"start":{"line":142,"column":4},"end":{"line":142,"column":4}}]},"26":{"line":148,"type":"if","locations":[{"start":{"line":148,"column":4},"end":{"line":148,"column":4}},{"start":{"line":148,"column":4},"end":{"line":148,"column":4}}]},"27":{"line":149,"type":"cond-expr","locations":[{"start":{"line":149,"column":81},"end":{"line":149,"column":87}},{"start":{"line":149,"column":90},"end":{"line":149,"column":95}}]},"28":{"line":149,"type":"binary-expr","locations":[{"start":{"line":149,"column":30},"end":{"line":149,"column":50}},{"start":{"line":149,"column":54},"end":{"line":149,"column":78}}]},"29":{"line":154,"type":"if","locations":[{"start":{"line":154,"column":4},"end":{"line":154,"column":4}},{"start":{"line":154,"column":4},"end":{"line":154,"column":4}}]},"30":{"line":161,"type":"if","locations":[{"start":{"line":161,"column":4},"end":{"line":161,"column":4}},{"start":{"line":161,"column":4},"end":{"line":161,"column":4}}]},"31":{"line":170,"type":"binary-expr","locations":[{"start":{"line":170,"column":18},"end":{"line":170,"column":35}},{"start":{"line":170,"column":39},"end":{"line":170,"column":52}}]},"32":{"line":172,"type":"binary-expr","locations":[{"start":{"line":172,"column":18},"end":{"line":172,"column":61}},{"start":{"line":172,"column":65},"end":{"line":172,"column":68}}]},"33":{"line":172,"type":"binary-expr","locations":[{"start":{"line":172,"column":39},"end":{"line":172,"column":54}},{"start":{"line":172,"column":58},"end":{"line":172,"column":60}}]},"34":{"line":177,"type":"switch","locations":[{"start":{"line":178,"column":8},"end":{"line":180,"column":18}},{"start":{"line":181,"column":8},"end":{"line":181,"column":21}},{"start":{"line":182,"column":8},"end":{"line":184,"column":18}}]},"35":{"line":187,"type":"if","locations":[{"start":{"line":187,"column":4},"end":{"line":187,"column":4}},{"start":{"line":187,"column":4},"end":{"line":187,"column":4}}]},"36":{"line":188,"type":"if","locations":[{"start":{"line":188,"column":8},"end":{"line":188,"column":8}},{"start":{"line":188,"column":8},"end":{"line":188,"column":8}}]},"37":{"line":191,"type":"if","locations":[{"start":{"line":191,"column":8},"end":{"line":191,"column":8}},{"start":{"line":191,"column":8},"end":{"line":191,"column":8}}]},"38":{"line":195,"type":"if","locations":[{"start":{"line":195,"column":8},"end":{"line":195,"column":8}},{"start":{"line":195,"column":8},"end":{"line":195,"column":8}}]},"39":{"line":198,"type":"if","locations":[{"start":{"line":198,"column":8},"end":{"line":198,"column":8}},{"start":{"line":198,"column":8},"end":{"line":198,"column":8}}]},"40":{"line":203,"type":"if","locations":[{"start":{"line":203,"column":4},"end":{"line":203,"column":4}},{"start":{"line":203,"column":4},"end":{"line":203,"column":4}}]},"41":{"line":204,"type":"switch","locations":[{"start":{"line":205,"column":12},"end":{"line":207,"column":22}},{"start":{"line":208,"column":12},"end":{"line":208,"column":2
[...]
umn":4},"end":{"line":8,"column":33}},"5":{"start":{"line":9,"column":4},"end":{"line":9,"column":70}},"6":{"start":{"line":11,"column":4},"end":{"line":11,"column":22}},"7":{"start":{"line":14,"column":0},"end":{"line":41,"column":2}},"8":{"start":{"line":16,"column":4},"end":{"line":18,"column":5}},"9":{"start":{"line":17,"column":8},"end":{"line":17,"column":15}},"10":{"start":{"line":20,"column":4},"end":{"line":20,"column":16}},"11":{"start":{"line":22,"column":4},"end":{"line":24,"column":5}},"12":{"start":{"line":23,"column":8},"end":{"line":23,"column":39}},"13":{"start":{"line":27,"column":4},"end":{"line":38,"column":5}},"14":{"start":{"line":28,"column":8},"end":{"line":28,"column":47}},"15":{"start":{"line":29,"column":8},"end":{"line":37,"column":9}},"16":{"start":{"line":35,"column":12},"end":{"line":35,"column":50}},"17":{"start":{"line":36,"column":12},"end":{"line":36,"column":19}},"18":{"start":{"line":40,"column":4},"end":{"line":40,"column":43}},"19":{"start":{"line":43,"column":0},"end":{"line":58,"column":2}},"20":{"start":{"line":44,"column":4},"end":{"line":45,"column":29}},"21":{"start":{"line":47,"column":4},"end":{"line":56,"column":5}},"22":{"start":{"line":48,"column":8},"end":{"line":55,"column":9}},"23":{"start":{"line":49,"column":12},"end":{"line":54,"column":13}},"24":{"start":{"line":50,"column":16},"end":{"line":50,"column":50}},"25":{"start":{"line":51,"column":16},"end":{"line":53,"column":17}},"26":{"start":{"line":52,"column":20},"end":{"line":52,"column":67}},"27":{"start":{"line":57,"column":4},"end":{"line":57,"column":30}},"28":{"start":{"line":60,"column":0},"end":{"line":111,"column":2}},"29":{"start":{"line":61,"column":4},"end":{"line":62,"column":13}},"30":{"start":{"line":65,"column":4},"end":{"line":69,"column":5}},"31":{"start":{"line":66,"column":8},"end":{"line":68,"column":9}},"32":{"start":{"line":67,"column":12},"end":{"line":67,"column":19}},"33":{"start":{"line":72,"column":4},"end":{"line":76,"column":5}},"34":{"start":{"line":73,"column":8},"end":{"line":75,"column":9}},"35":{"start":{"line":74,"column":12},"end":{"line":74,"column":25}},"36":{"start":{"line":79,"column":4},"end":{"line":94,"column":5}},"37":{"start":{"line":81,"column":8},"end":{"line":81,"column":53}},"38":{"start":{"line":82,"column":8},"end":{"line":82,"column":19}},"39":{"start":{"line":83,"column":8},"end":{"line":83,"column":37}},"40":{"start":{"line":84,"column":8},"end":{"line":86,"column":9}},"41":{"start":{"line":85,"column":12},"end":{"line":85,"column":30}},"42":{"start":{"line":87,"column":8},"end":{"line":89,"column":9}},"43":{"start":{"line":88,"column":12},"end":{"line":88,"column":24}},"44":{"start":{"line":91,"column":8},"end":{"line":93,"column":9}},"45":{"start":{"line":92,"column":12},"end":{"line":92,"column":25}},"46":{"start":{"line":97,"column":4},"end":{"line":101,"column":5}},"47":{"start":{"line":98,"column":8},"end":{"line":100,"column":9}},"48":{"start":{"line":99,"column":12},"end":{"line":99,"column":25}},"49":{"start":{"line":104,"column":4},"end":{"line":108,"column":5}},"50":{"start":{"line":105,"column":8},"end":{"line":107,"column":9}},"51":{"start":{"line":106,"column":12},"end":{"line":106,"column":25}},"52":{"start":{"line":110,"column":4},"end":{"line":110,"column":16}},"53":{"start":{"line":113,"column":0},"end":{"line":193,"column":2}},"54":{"start":{"line":114,"column":4},"end":{"line":117,"column":13}},"55":{"start":{"line":119,"column":4},"end":{"line":162,"column":19}},"56":{"start":{"line":120,"column":8},"end":{"line":120,"column":21}},"57":{"start":{"line":121,"column":8},"end":{"line":121,"column":31}},"58":{"start":{"line":122,"column":8},"end":{"line":122,"column":34}},"59":{"start":{"line":123,"column":8},"end":{"line":123,"column":36}},"60":{"start":{"line":125,"column":8},"end":{"line":127,"column":9}},"61":{"start":{"line":126,"column":12},"end":{"line":126,"column":19}},"62":{"start":{"line":129,"column":8},"end":{"line":161,"column":9}},"63":{"start":{"line":133,"column":16},"end":{"line":133,"column":47}},"64":{"start":{"line":134,"column":16},"end":{"line":134,"column":22}},"65":{"start":{"line":137,"column":16},"end":{"line":137,"column":41}},"66":{"start":{"line":138,"column":16},"end":{"line":138,"column":22}},"67":{"start":{"line":141,"column":16},"end":{"line":141,"column":50}},"68":{"start":{"line":142,"column":16},"end":{"line":142,"column":22}},"69":{"start":{"line":145,"column":16},"end":{"line":145,"column":82}},"70":{"start":{"line":146,"column":16},"end":{"line":146,"column":22}},"71":{"start":{"line":149,"column":16},"end":{"line":149,"column":37}},"72":{"start":{"line":150,"column":16},"end":{"line":150,"column":22}},"73":{"start":{"line":153,"column":16},"end":{"line":153,"column":39}},"74":{"start":{"line":154,"column":16},"end":{"line":154,"column":22}},"75":{"start":{"line":157,"column":16},"end":{"line":160,"column":17}},"76":{"start":{"line":158,"column":20},"end":{"line":158,"column":38}},"77":{"start":{"line":159,"column":20},"end":{"line":159,"column":39}},"78":{"start":{"line":165,"column":4},"end":{"line":175,"column":5}},"79":{"start":{"line":166,"column":8},"end":{"line":166,"column":53}},"80":{"start":{"line":167,"column":8},"end":{"line":167,"column":19}},"81":{"start":{"line":168,"column":8},"end":{"line":168,"column":44}},"82":{"start":{"line":169,"column":8},"end":{"line":171,"column":9}},"83":{"start":{"line":170,"column":12},"end":{"line":170,"column":44}},"84":{"start":{"line":172,"column":8},"end":{"line":174,"column":9}},"85":{"start":{"line":173,"column":12},"end":{"line":173,"column":31}},"86":{"start":{"line":178,"column":4},"end":{"line":182,"column":5}},"87":{"start":{"line":179,"column":8},"end":{"line":179,"column":99}},"88":{"start":{"line":181,"column":8},"end":{"line":181,"column":41}},"89":{"start":{"line":184,"column":4},"end":{"line":190,"column":5}},"90":{"start":{"line":185,"column":8},"end":{"line":187,"column":9}},"91":{"start":{"line":186,"column":12},"end":{"line":186,"column":47}},"92":{"start":{"line":189,"column":8},"end":{"line":189,"column":39}},"93":{"start":{"line":192,"column":4},"end":{"line":192,"column":27}}},"branchMap":{"1":{"line":8,"type":"binary-expr","locations":[{"start":{"line":8,"column":19},"end":{"line":8,"column":26}},{"start":{"line":8,"column":30},"end":{"line":8,"column":32}}]},"2":{"line":9,"type":"binary-expr","locations":[{"start":{"line":9,"column":34},"end":{"line":9,"column":61}},{"start":{"line":9,"column":65},"end":{"line":9,"column":69}}]},"3":{"line":16,"type":"if","locations":[{"start":{"line":16,"column":4},"end":{"line":16,"column":4}},{"start":{"line":16,"column":4},"end":{"line":16,"column":4}}]},"4":{"line":16,"type":"binary-expr","locations":[{"start":{"line":16,"column":8},"end":{"line":16,"column":15}},{"start":{"line":16,"column":19},"end":{"line":16,"column":31}}]},"5":{"line":22,"type":"if","locations":[{"start":{"line":22,"column":4},"end":{"line":22,"column":4}},{"start":{"line":22,"column":4},"end":{"line":22,"column":4}}]},"6":{"line":29,"type":"if","locations":[{"start":{"line":29,"column":8},"end":{"line":29,"column":8}},{"start":{"line":29,"column":8},"end":{"line":29,"column":8}}]},"7":{"line":30,"type":"binary-expr","locations":[{"start":{"line":30,"column":12},"end":{"line":30,"column":40}},{"start":{"line":31,"column":12},"end":{"line":31,"column":44}},{"start":{"line":32,"column":12},"end":{"line":32,"column":44}},{"start":{"line":33,"column":12},"end":{"line":33,"column":48}}]},"8":{"line":48,"type":"if","locations":[{"start":{"line":48,"column":8},"end":{"line":48,"column":8}},{"start":{"line":48,"column":8},"end":{"line":48,"column":8}}]},"9":{"line":51,"type":"if","locations":[{"start":{"line":51,"column":16},"end":{"line":51,"column":16}},{"start":{"line":51,"column":16},"end":{"line":51,"column":16}}]},"10":{"line":61,"type":"binary-expr","locations":[{"start":{"line":61,"column":32},"end":{"line":61,"column":35}},{"start":{"line":61,"column":39},"end":{"line":61,"column":41}}]},"11":{"line":65,"type":"if","locations":[{"start":{"line":65,"column":4},"end":{"line":65,"column":4}},{"start":{"line":65,"column":4},"end":{"line":65,"column":4}}]},"12":{"line":66,"type":"if","locations":[{"start":{"line":66,"column":8},"end":{"line":66,"column":8}},{"start":{"line":66,"column":8},"end":{"line":66,"column":8}}]},"13":{"line":72,"type":"if","locations":[{"start":{"line":72,"column":4},"end":{"line":72,"column":4}},{"start":{"line":72,"column":4},"end":{"line":72,"column":4}}]},"14":{"line":72,"type":"binary-expr","locations":[{"start":{"line":72,"column":8},"end":{"line":72,"column":25}},{"start":{"line":72,"column":29},"end":{"line":72,"column":43}}]},"15":{"line":73,"type":"if","locations":[{"start":{"line":73,"column":8},"end":{"line":73,"column":8}},{"start":{"line":73,"column":8},"end":{"line":73,"column":8}}]},"16":{"line":73,"type":"binary-expr","locations":[{"start":{"line":73,"column":14},"end":{"line":73,"column":50}},{"start":{"line":73,"column":54},"end":{"line":73,"column":133}}]},"17":{"line":79,"type":"if","locations":[{"start":{"line":79,"column":4},"end":{"line":79,"column":4}},{"start":{"line":79,"column":4},"end":{"line":79,"column":4}}]},"18":{"line":79,"type":"binary-expr","locations":[{"start":{"line":79,"column":8},"end":{"line":79,"column":19}},{"start":{"line":79,"column":23},"end":{"line":79,"column":40}}]},"19":{"line":81,"type":"binary-expr","locations":[{"start":{"line":81,"column":16},"end":{"line":81,"column":33}},{"start":{"line":81,"column":37},"end":{"line":81,"column":40}}]},"20":{"line":84,"type":"if","locations":[{"start":{"line":84,"column":8},"end":{"line":84,"column":8}},{"start":{"line":84,"column":8},"end":{"line":84,"column":8}}]},"21":{"line":87,"type":"if","locations":[{"start":{"line":87,"column":8},"end":{"line":87,"column":8}},{"start":{"line":87,"column":8},"end":{"line":87,"column":8}}]},"22":{"line":91,"type":"if","locations":[{"start":{"line":91,"column":8},"end":{"line":91,"column":8}},{"start":{"line":91,"column":8},"end":{"line":91,"column":8}}]},"23":{"line":97,"type":"if","locations":[{"start":{"line":97,"column":4},"end":{"line":97,"column":4}},{"start":{"line":97,"column":4},"end":{"line":97,"column":4}}]},"24":{"line":97,"type":"binary-expr","locations":[{"start":{"line":97,"column":8},"end":{"line":97,"column":21}},{"start":{"line":97,"column":25},"end":{"line":97,"column":42}}]},"25":{"line":98,"type":"if","locations":[{"start":{"line":98,"column":8},"end":{"line":98,"column":8}},{"start":{"line":98,"column":8},"end":{"line":98,"column":8}}]},"26":{"line":104,"type":"if","locations":[{"start":{"line":104,"column":4},"end":{"line":104,"column":4}},{"start":{"line":104,"column":4},"end":{"line":104,"column":4}}]},"27":{"line":104,"type":"binary-expr","locations":[{"start":{"line":104,"column":8},"end":{"line":104,"column":23}},{"start":{"line":104,"column":27},"end":{"line":104,"column":44}}]},"28":{"line":105,"type":"if","locations":[{"start":{"line":105,"column":8},"end":{"line":105,"column":8}},{"start":{"line":105,"column":8},"end":{"line":105,"column":8}}]},"29":{"line":114,"type":"binary-expr","locations":[{"start":{"line":114,"column":17},"end":{"line":114,"column":27}},{"start":{"line":114,"column":31},"end":{"line":114,"column":33}}]},"30":{"line":116,"type":"binary-expr","locations":[{"start":{"line":116,"column":32},"end":{"line":116,"column":35}},{"start":{"line":116,"column":39},"end":{"line":116,"column":41}}]},"31":{"line":125,"type":"if","locations":[{"start":{"line":125,"column":8},"end":{"line":125,"column":8}},{"start":{"line":125,"column":8},"end":{"line":125,"column":8}}]},"32":{"line":129,"type":"switch","locations":[{"start":{"line":131,"column":12},"end":{"line":134,"column":22}},{"start":{"line":136,"column":12},"end":{"line":138,"column":22}},{"start":{"line":140,"column":12},"end":{"line":142,"column":22}},{"start":{"line":144,"column":12},"end":{"line":146,"column":22}},{"start":{"line":148,"column":12},"end":{"line":150,"column":22}},{"start":{"line":152,"column":12},"end":{"line":154,"column":22}},{"start":{"line":156,"column":12},"end":{"line":160,"column":17}}]},"33":{"line":145,"type":"binary-expr","locations":[{"start":{"line":145,"column":56},"end":{"line":145,"column":67}},{"start":{"line":145,"column":71},"end":{"line":145,"column":72}}]},"34":{"line":157,"type":"if","locations":[{"start":{"line":157,"column":16},"end":{"line":157,"column":16}},{"start":{"line":157,"column":16},"end":{"line":157,"column":16}}]},"35":{"line":165,"type":"if","locations":[{"start":{"line":165,"column":4},"end":{"line":165,"column":4}},{"start":{"line":165,"column":4},"end":{"line":165,"column":4}}]},"36":{"line":166,"type":"binary-expr","locations":[{"start":{"line":166,"column":16},"end":{"line":166,"column":33}},{"start":{"line":166,"column":37},"end":{"line":166,"column":40}}]},"37":{"line":169,"type":"if","locations":[{"start":{"line":169,"column":8},"end":{"line":169,"column":8}},{"start":{"line":169,"column":8},"end":{"line":169,"column":8}}]},"38":{"line":172,"type":"if","locations":[{"start":{"line":172,"column":8},"end":{"line":172,"column":8}},{"start":{"line":172,"column":8},"end":{"line":172,"column":8}}]},"39":{"line":178,"type":"if","locations":[{"start":{"line":178,"column":4},"end":{"line":178,"column":4}},{"start":{"line":178,"column":4},"end":{"line":178,"column":4}}]},"40":{"line":179,"type":"binary-expr","locations":[{"start":{"line":179,"column":49},"end":{"line":179,"column":84}},{"start":{"line":179,"column":88},"end":{"line":179,"column":89}}]},"41":{"line":184,"type":"if","locations":[{"start":{"line":184,"column":4},"end":{"line":184,"column":4}},{"start":{"line":184,"column":4},"end":{"line":184,"column":4}}]},"42":{"line":185,"type":"if","locations":[{"start":{"line":185,"column":8},"end":{"line":185,"column":8}},{"start":{"line":185,"column":8},"end":{"line":185,"column":8}}]}},"code":["'use strict';","","var urllib = require('url');","","module.exports.CookieJar = CookieJar;","","function CookieJar(options) {","    this.options = options || {};","    this.options.sessionTimeout = this.options.sessionTimeout || 1800; // 30min","","    this.cookies = {};","}","","CookieJar.prototype.addCookie = function (cookie) {","","    if (!cookie || !cookie.name) {","        return;","    }","","    var lcookie;","","    if (!this.cookies[cookie.name]) {","        this.cookies[cookie.name] = [];","    }","","    // overwrite if has same params","    for (var i = 0, len = this.cookies[cookie.name].length; i < len; i++) {","        lcookie = this.cookies[cookie.name][i];","        if (","            lcookie.path === cookie.path &&","            lcookie.domain === cookie.domain &&","            lcookie.secure === cookie.secure &&","            lcookie.httponly === cookie.httponly","        ) {","            this.cookies[cookie.name][i] = cookie;","            return;","        }","    }","","    this.cookies[cookie.name].push(cookie);","};","","CookieJar.prototype.getCookies = function (url) {","    var keys = Object.keys(this.cookies),","        cookie, cookies = [];","","    for (var i = 0, len = keys.length; i < len; i++) {","        if (Array.isArray(this.cookies[keys[i]])) {","            for (var j = 0, lenj = this.cookies[keys[i]].length; j < lenj; j++) {","                cookie = this.cookies[keys[i]][j];","                if (this.matchCookie(cookie, url)) {","                    cookies.push(cookie.name + '=' + cookie.value);","                }","            }","        }","    }","    return cookies.join('; ');","};","","CookieJar.prototype.matchCookie = function (cookie, url) {","    var urlparts = urllib.parse(url || '', false, true),","        path;","","    // check expire","    if (cookie.expire) {","        if (cookie.expire.getTime() < Date.now()) {","            return;","        }","    }","","    // check if hostname matches","    if (urlparts.hostname && cookie._domain) {","        if (!(urlparts.hostname === cookie._domain || urlparts.hostname.substr(-(cookie._domain.length + 1)) === '.' + cookie._domain)) {","            return false;","        }","    }","","    // check if path matches","    if (cookie.path && urlparts.pathname) {","","        path = (urlparts.pathname || '/').split('/');","        path.pop();","        path = path.join('/').trim();","        if (path.substr(0, 1) !== '/') {","            path = '/' + path;","        }","        if (path.substr(-1) !== '/') {","            path += '/';","        }","","        if (path.substr(0, cookie.path.length) !== cookie.path) {","            return false;","        }","    }","","    // check secure","    if (cookie.secure && urlparts.protocol) {","        if (urlparts.protocol !== 'https:') {","            return false;","        }","    }","","    // check httponly","    if (cookie.httponly && urlparts.protocol) {","        if (urlparts.protocol !== 'http:') {","            return false;","        }","    }","","    return true;","};","","CookieJar.prototype.setCookie = function (cookie_str, url) {","    var parts = (cookie_str || '').split(';'),","        cookie = {},","        urlparts = urllib.parse(url || '', false, true),","        path;","","    parts.forEach((function (part) {","        var key, val;","        part = part.split('=');","        key = part.shift().trim();","        val = part.join('=').trim();","","        if (!key) {","            return;","        }","","        switch (key.toLowerCase()) {","","            case 'expires':","","                cookie.expires = new Date(val);","                break;","","            case 'path':","                cookie.path = val.trim();","                break;","","            case 'domain':","                cookie.domain = val.toLowerCase();","                break;","","            case 'max-age':","                cookie.expires = new Date(Date.now() + (Number(val) || 0) * 1000);","                break;","","            case 'secure':","                cookie.secure = true;","                break;","","            case 'httponly':","                cookie.httponly = true;","                break;","","            default:","                if (!cookie.name) {","                    cookie.name = key;","                    cookie.value = val;","                }","        }","    }).bind(this));","","    // use current path when path is not specified","    if (!cookie.path) {","        path = (urlparts.pathname || '/').split('/');","        path.pop();","        cookie.path = path.join('/').trim();","        if (cookie.path.substr(0, 1) !== '/') {","            cookie.path = '/' + cookie.path;","        }","        if (cookie.path.substr(-1) !== '/') {","            cookie.path += '/';","        }","    }","","    // if no expire date, then use sessionTimeout value","    if (!cookie.expires) {","        cookie._expires = new Date(Date.now() + (Number(this.options.sessionTimeout) || 0) * 1000);","    } else {","        cookie._expires = cookie.expires;","    }","","    if (!cookie.domain) {","        if (urlparts.hostname) {","            cookie._domain = urlparts.hostname;","        }","    } else {","        cookie._domain = cookie.domain;","    }","","    this.addCookie(cookie);","};",""],"l":{"3":1,"5":1,"7":1,"8":0,"9":0,"11":0,"14":1,"16":0,"17":0,"20":0,"22":0,"23":0,"27":0,"28":0,"29":0,"35":0,"36":0,"40":0,"43":1,"44":0,"47":0,"48":0,"49":0,"50":0,"51":0,"52":0,"57":0,"60":1,"61":0,"65":0,"66":0,"67":0,"72":0,"73":0,"74":0,"79":0,"81":0,"82":0,"83":0,"84":0,"85":0,"87":0,"88":0,"91":0,"92":0,"97":0,"98":0,"99":0,"104":0,"105":0,"106":0,"110":0,"113":1,"114":0,"119":0,"120":0,"121":0,"122":0,"123":0,"125":0,"126":0,"129":0,"133":0,"134":0,"137":0,"138":0,"141":0,"142":0,"145":0,"146":0,"149":0,"150":0,"153":0,"154":0,"157":0,"158":0,"159":0,"165":0,"166":0,"167":0,"168":0,"169":0,"170":0,"172":0,"173":0,"178":0,"179":0,"181":0,"184":0,"185":0,"186":0,"189":0,"192":0}}}